"D:/UE_Proj/AtomDrop_Proto/Content/LevelPrototyping/Textures/T_GridChecker_A.ubulk" 0
"D:/UE_Proj/AtomDrop_Proto/Content/LevelPrototyping/Textures/T_GridChecker_A.uasset" 1
"D:/UE_Proj/AtomDrop_Proto/Content/LevelPrototyping/Textures/T_GridChecker_A.uexp" 2
"../../../Engine/Content/Functions/Engine_MaterialFunctions02/Utility/MakeFloat3.uasset" 3
"../../../Engine/Content/Functions/Engine_MaterialFunctions02/Utility/MakeFloat3.uexp" 4
"../../../Engine/Content/Functions/Engine_MaterialFunctions01/Gradient/LinearGradient.uasset" 5
"../../../Engine/Content/Functions/Engine_MaterialFunctions01/Gradient/LinearGradient.uexp" 6
"../../../Engine/Content/Functions/Engine_MaterialFunctions01/ImageAdjustment/CheapContrast.uasset" 7
"../../../Engine/Content/Functions/Engine_MaterialFunctions01/ImageAdjustment/CheapContrast.uexp" 8
"../../../Engine/Content/Functions/Engine_MaterialFunctions02/Utility/BreakOutFloat3Components.uasset" 9
"../../../Engine/Content/Functions/Engine_MaterialFunctions02/Utility/BreakOutFloat3Components.uexp" 10
"D:/UE_Proj/AtomDrop_Proto/Content/LevelPrototyping/Materials/MF_ProcGrid.uasset" 11
"D:/UE_Proj/AtomDrop_Proto/Content/LevelPrototyping/Materials/MF_ProcGrid.uexp" 12
"D:/UE_Proj/AtomDrop_Proto/Content/LevelPrototyping/Materials/M_PrototypeGrid.uasset" 13
"D:/UE_Proj/AtomDrop_Proto/Content/LevelPrototyping/Materials/M_PrototypeGrid.uexp" 14
"D:/UE_Proj/AtomDrop_Proto/Content/LevelPrototyping/Materials/MI_PrototypeGrid_Gray.uasset" 15
"D:/UE_Proj/AtomDrop_Proto/Content/LevelPrototyping/Materials/MI_PrototypeGrid_Gray.uexp" 16
"D:/UE_Proj/AtomDrop_Proto/Content/LevelPrototyping/Meshes/SM_Ramp.ubulk" 17
"D:/UE_Proj/AtomDrop_Proto/Content/LevelPrototyping/Meshes/SM_Ramp.uasset" 18
"D:/UE_Proj/AtomDrop_Proto/Content/LevelPrototyping/Meshes/SM_Ramp.uexp" 19
"D:/UE_Proj/AtomDrop_Proto/Content/LevelPrototyping/Meshes/SM_QuarterCylinder.ubulk" 20
"D:/UE_Proj/AtomDrop_Proto/Content/LevelPrototyping/Meshes/SM_QuarterCylinder.uasset" 21
"D:/UE_Proj/AtomDrop_Proto/Content/LevelPrototyping/Meshes/SM_QuarterCylinder.uexp" 22
"D:/UE_Proj/AtomDrop_Proto/Content/LevelPrototyping/Meshes/SM_Cylinder.ubulk" 23
"D:/UE_Proj/AtomDrop_Proto/Content/LevelPrototyping/Meshes/SM_Cylinder.uasset" 24
"D:/UE_Proj/AtomDrop_Proto/Content/LevelPrototyping/Meshes/SM_Cylinder.uexp" 25
"D:/UE_Proj/AtomDrop_Proto/Content/LevelPrototyping/Materials/MI_PrototypeGrid_TopDark.uasset" 26
"D:/UE_Proj/AtomDrop_Proto/Content/LevelPrototyping/Materials/MI_PrototypeGrid_TopDark.uexp" 27
"D:/UE_Proj/AtomDrop_Proto/Content/LevelPrototyping/Materials/MI_PrototypeGrid_Gray_02.uasset" 28
"D:/UE_Proj/AtomDrop_Proto/Content/LevelPrototyping/Materials/MI_PrototypeGrid_Gray_02.uexp" 29
"D:/UE_Proj/AtomDrop_Proto/Content/FPWeapon/Mesh/SK_FPGun_PhysicsAsset.uasset" 30
"D:/UE_Proj/AtomDrop_Proto/Content/FPWeapon/Mesh/SK_FPGun_PhysicsAsset.uexp" 31
"D:/UE_Proj/AtomDrop_Proto/Content/FPWeapon/Materials/BaseMaterial.uasset" 32
"D:/UE_Proj/AtomDrop_Proto/Content/FPWeapon/Materials/BaseMaterial.uexp" 33
"D:/UE_Proj/AtomDrop_Proto/Content/FPWeapon/Materials/FirstPersonProjectileMaterial.uasset" 34
"D:/UE_Proj/AtomDrop_Proto/Content/FPWeapon/Materials/FirstPersonProjectileMaterial.uexp" 35
"D:/UE_Proj/AtomDrop_Proto/Content/FPWeapon/Mesh/FirstPersonProjectileMesh.ubulk" 36
"D:/UE_Proj/AtomDrop_Proto/Content/FPWeapon/Mesh/FirstPersonProjectileMesh.uasset" 37
"D:/UE_Proj/AtomDrop_Proto/Content/FPWeapon/Mesh/FirstPersonProjectileMesh.uexp" 38
"D:/UE_Proj/AtomDrop_Proto/Content/FPWeapon/Materials/MaterialLayers/T_ML_FineRubber.ubulk" 39
"D:/UE_Proj/AtomDrop_Proto/Content/FPWeapon/Materials/MaterialLayers/T_ML_FineRubber.uasset" 40
"D:/UE_Proj/AtomDrop_Proto/Content/FPWeapon/Materials/MaterialLayers/T_ML_FineRubber.uexp" 41
"D:/UE_Proj/AtomDrop_Proto/Content/FPWeapon/Audio/FirstPersonTemplateWeaponFire02.ubulk" 42
"D:/UE_Proj/AtomDrop_Proto/Content/FPWeapon/Audio/FirstPersonTemplateWeaponFire02.uasset" 43
"D:/UE_Proj/AtomDrop_Proto/Content/FPWeapon/Audio/FirstPersonTemplateWeaponFire02.uexp" 44
"../../../Engine/Content/EngineMaterials/T_Default_Material_Grid_M.ubulk" 45
"../../../Engine/Content/EngineMaterials/T_Default_Material_Grid_M.uasset" 46
"../../../Engine/Content/EngineMaterials/T_Default_Material_Grid_M.uexp" 47
"../../../Engine/Content/EngineMaterials/T_Default_Material_Grid_N.ubulk" 48
"../../../Engine/Content/EngineMaterials/T_Default_Material_Grid_N.uasset" 49
"../../../Engine/Content/EngineMaterials/T_Default_Material_Grid_N.uexp" 50
"../../../Engine/Content/Functions/Engine_MaterialFunctions01/Opacity/CameraDepthFade.uasset" 51
"../../../Engine/Content/Functions/Engine_MaterialFunctions01/Opacity/CameraDepthFade.uexp" 52
"../../../Engine/Content/EngineMaterials/WorldGridMaterial.uasset" 53
"../../../Engine/Content/EngineMaterials/WorldGridMaterial.uexp" 54
"../../../Engine/Content/BasicShapes/Plane.ubulk" 55
"../../../Engine/Content/BasicShapes/Plane.uasset" 56
"../../../Engine/Content/BasicShapes/Plane.uexp" 57
"../../../Engine/Content/BasicShapes/Cube.ubulk" 58
"../../../Engine/Content/BasicShapes/Cube.uasset" 59
"../../../Engine/Content/BasicShapes/Cube.uexp" 60
"../../../Engine/Content/EngineMaterials/DefaultMaterial.uasset" 61
"../../../Engine/Content/EngineMaterials/DefaultMaterial.uexp" 62
"../../../Engine/Content/BasicShapes/Cone.ubulk" 63
"../../../Engine/Content/BasicShapes/Cone.uasset" 64
"../../../Engine/Content/BasicShapes/Cone.uexp" 65
"../../../Engine/Content/ArtTools/RenderToTexture/Meshes/S_1_Unit_Plane.ubulk" 66
"../../../Engine/Content/ArtTools/RenderToTexture/Meshes/S_1_Unit_Plane.uasset" 67
"../../../Engine/Content/ArtTools/RenderToTexture/Meshes/S_1_Unit_Plane.uexp" 68
"D:/UE_Proj/AtomDrop_Proto/Content/VRTemplate/Materials/Functions/MF_LightmassReplace.uasset" 69
"D:/UE_Proj/AtomDrop_Proto/Content/VRTemplate/Materials/Functions/MF_LightmassReplace.uexp" 70
"../../../Engine/Content/EditorLandscapeResources/DefaultAlphaTexture.uasset" 71
"../../../Engine/Content/EditorLandscapeResources/DefaultAlphaTexture.uexp" 72
"../../../Engine/Content/EditorLandscapeResources/DataLayer.uasset" 73
"../../../Engine/Content/EditorLandscapeResources/DataLayer.uexp" 74
"../../../Engine/Content/EditorMaterials/PreviewShadowIndicator.ubulk" 75
"../../../Engine/Content/EditorMaterials/PreviewShadowIndicator.uasset" 76
"../../../Engine/Content/EditorMaterials/PreviewShadowIndicator.uexp" 77
"../../../Engine/Content/EditorMaterials/PreviewShadowIndicatorMaterial.uasset" 78
"../../../Engine/Content/EditorMaterials/PreviewShadowIndicatorMaterial.uexp" 79
"../../../Engine/Content/EditorMaterials/MAT_Groups_Visibility.uasset" 80
"../../../Engine/Content/EditorMaterials/MAT_Groups_Visibility.uexp" 81
"../../../Engine/Content/EditorMaterials/MAT_Groups_Toggle.uasset" 82
"../../../Engine/Content/EditorMaterials/MAT_Groups_Toggle.uexp" 83
"../../../Engine/Content/EditorMaterials/MatineeGroups/MAT_Groups_Vector.uasset" 84
"../../../Engine/Content/EditorMaterials/MatineeGroups/MAT_Groups_Vector.uexp" 85
"../../../Engine/Content/EditorMaterials/MatineeGroups/MAT_Groups_Sound.uasset" 86
"../../../Engine/Content/EditorMaterials/MatineeGroups/MAT_Groups_Sound.uexp" 87
"../../../Engine/Content/EditorMaterials/MatineeGroups/MAT_Groups_Slomo.uasset" 88
"../../../Engine/Content/EditorMaterials/MatineeGroups/MAT_Groups_Slomo.uexp" 89
"../../../Engine/Content/EditorMaterials/MatineeGroups/MAT_Groups_Move.uasset" 90
"../../../Engine/Content/EditorMaterials/MatineeGroups/MAT_Groups_Move.uexp" 91
"../../../Engine/Content/EditorMaterials/MatineeGroups/MAT_Groups_Float.uasset" 92
"../../../Engine/Content/EditorMaterials/MatineeGroups/MAT_Groups_Float.uexp" 93
"../../../Engine/Content/EditorMaterials/MatineeGroups/MAT_Groups_Fade.uasset" 94
"../../../Engine/Content/EditorMaterials/MatineeGroups/MAT_Groups_Fade.uexp" 95
"../../../Engine/Content/EditorMaterials/MatineeGroups/MAT_Groups_Event.uasset" 96
"../../../Engine/Content/EditorMaterials/MatineeGroups/MAT_Groups_Event.uexp" 97
"../../../Engine/Content/EditorMaterials/MatineeGroups/MAT_Groups_Director.uasset" 98
"../../../Engine/Content/EditorMaterials/MatineeGroups/MAT_Groups_Director.uexp" 99
"../../../Engine/Content/EditorMaterials/MatineeGroups/MAT_Groups_AudioMaster.uasset" 100
"../../../Engine/Content/EditorMaterials/MatineeGroups/MAT_Groups_AudioMaster.uexp" 101
"../../../Engine/Content/EditorMaterials/MatineeGroups/MAT_Groups_Anim.uasset" 102
"../../../Engine/Content/EditorMaterials/MatineeGroups/MAT_Groups_Anim.uexp" 103
"../../../Engine/Content/EditorMaterials/MatineeGroups/MAT_ColorTrack.uasset" 104
"../../../Engine/Content/EditorMaterials/MatineeGroups/MAT_ColorTrack.uexp" 105
"../../../Engine/Content/EditorMaterials/ParticleSystems/PSysThumbnail_OOD.ubulk" 106
"../../../Engine/Content/EditorMaterials/ParticleSystems/PSysThumbnail_OOD.uasset" 107
"../../../Engine/Content/EditorMaterials/ParticleSystems/PSysThumbnail_OOD.uexp" 108
"../../../Engine/Content/EditorMaterials/ParticleSystems/PSysThumbnail_NoImage.ubulk" 109
"../../../Engine/Content/EditorMaterials/ParticleSystems/PSysThumbnail_NoImage.uasset" 110
"../../../Engine/Content/EditorMaterials/ParticleSystems/PSysThumbnail_NoImage.uexp" 111
"../../../Engine/Content/Functions/Engine_MaterialFunctions02/Utility/MakeFloat4.uasset" 112
"../../../Engine/Content/Functions/Engine_MaterialFunctions02/Utility/MakeFloat4.uexp" 113
"../../../Engine/Content/EditorMaterials/WorldPartition/WorldPartitionSpatialHashGridPreviewMaterial.uasset" 114
"../../../Engine/Content/EditorMaterials/WorldPartition/WorldPartitionSpatialHashGridPreviewMaterial.uexp" 115
"../../../Engine/Content/EditorMaterials/Camera/CineMat.uasset" 116
"../../../Engine/Content/EditorMaterials/Camera/CineMat.uexp" 117
"../../../Engine/Content/EditorMaterials/Camera/MI_CineMat_Rig.uasset" 118
"../../../Engine/Content/EditorMaterials/Camera/MI_CineMat_Rig.uexp" 119
"../../../Engine/Content/EditorMeshes/Camera/SM_RailRig_Track.ubulk" 120
"../../../Engine/Content/EditorMeshes/Camera/SM_RailRig_Track.uasset" 121
"../../../Engine/Content/EditorMeshes/Camera/SM_RailRig_Track.uexp" 122
"../../../Engine/Content/EditorMeshes/Camera/SM_RailRig_Mount.ubulk" 123
"../../../Engine/Content/EditorMeshes/Camera/SM_RailRig_Mount.uasset" 124
"../../../Engine/Content/EditorMeshes/Camera/SM_RailRig_Mount.uexp" 125
"../../../Engine/Content/EditorMeshes/Camera/SM_CraneRig_Mount.ubulk" 126
"../../../Engine/Content/EditorMeshes/Camera/SM_CraneRig_Mount.uasset" 127
"../../../Engine/Content/EditorMeshes/Camera/SM_CraneRig_Mount.uexp" 128
"../../../Engine/Content/EditorMeshes/Camera/SM_CraneRig_Body.ubulk" 129
"../../../Engine/Content/EditorMeshes/Camera/SM_CraneRig_Body.uasset" 130
"../../../Engine/Content/EditorMeshes/Camera/SM_CraneRig_Body.uexp" 131
"../../../Engine/Content/EditorMeshes/Camera/SM_CraneRig_Base.ubulk" 132
"../../../Engine/Content/EditorMeshes/Camera/SM_CraneRig_Base.uasset" 133
"../../../Engine/Content/EditorMeshes/Camera/SM_CraneRig_Base.uexp" 134
"../../../Engine/Content/EditorMeshes/Camera/SM_CraneRig_Arm.ubulk" 135
"../../../Engine/Content/EditorMeshes/Camera/SM_CraneRig_Arm.uasset" 136
"../../../Engine/Content/EditorMeshes/Camera/SM_CraneRig_Arm.uexp" 137
"../../../Engine/Content/EditorResources/S_TriggerSphere.uasset" 138
"../../../Engine/Content/EditorResources/S_TriggerSphere.uexp" 139
"../../../Engine/Content/EditorResources/S_TriggerCapsule.uasset" 140
"../../../Engine/Content/EditorResources/S_TriggerCapsule.uexp" 141
"../../../Engine/Content/EditorResources/S_TriggerBox.uasset" 142
"../../../Engine/Content/EditorResources/S_TriggerBox.uexp" 143
"../../../Engine/Content/EditorResources/S_Trigger.ubulk" 144
"../../../Engine/Content/EditorResources/S_Trigger.uasset" 145
"../../../Engine/Content/EditorResources/S_Trigger.uexp" 146
"../../../Engine/Content/EditorResources/S_Terrain.ubulk" 147
"../../../Engine/Content/EditorResources/S_Terrain.uasset" 148
"../../../Engine/Content/EditorResources/S_Terrain.uexp" 149
"../../../Engine/Content/EditorResources/S_Solver.ubulk" 150
"../../../Engine/Content/EditorResources/S_Solver.uasset" 151
"../../../Engine/Content/EditorResources/S_Solver.uexp" 152
"../../../Engine/Content/EditorResources/S_BoxReflectionCapture.uasset" 153
"../../../Engine/Content/EditorResources/S_BoxReflectionCapture.uexp" 154
"../../../Engine/Content/EditorResources/S_Actor.ubulk" 155
"../../../Engine/Content/EditorResources/S_Actor.uasset" 156
"../../../Engine/Content/EditorResources/S_Actor.uexp" 157
"../../../Engine/Content/EditorResources/EmptyActor.uasset" 158
"../../../Engine/Content/EditorResources/EmptyActor.uexp" 159
"../../../Engine/Content/EditorResources/BSPVertex.uasset" 160
"../../../Engine/Content/EditorResources/BSPVertex.uexp" 161
"../../../Engine/Content/EditorResources/AudioIcons/S_AudioComponent_AutoActivate.uasset" 162
"../../../Engine/Content/EditorResources/AudioIcons/S_AudioComponent_AutoActivate.uexp" 163
"../../../Engine/Content/EditorResources/LightIcons/S_LightError.uasset" 164
"../../../Engine/Content/EditorResources/LightIcons/S_LightError.uexp" 165
"../../../Engine/Content/EditorResources/SequenceRecorder/RecordingIndicator.uasset" 166
"../../../Engine/Content/EditorResources/SequenceRecorder/RecordingIndicator.uexp" 167
"../../../Engine/Content/EditorResources/SequenceRecorder/Countdown.uasset" 168
"../../../Engine/Content/EditorResources/SequenceRecorder/Countdown.uexp" 169
"../../../Engine/Content/EngineDamageTypes/DmgTypeBP_Environmental.uasset" 170
"../../../Engine/Content/EngineDamageTypes/DmgTypeBP_Environmental.uexp" 171
"../../../Engine/Content/Functions/Engine_MaterialFunctions02/Utility/CameraDirectionVector.uasset" 172
"../../../Engine/Content/Functions/Engine_MaterialFunctions02/Utility/CameraDirectionVector.uexp" 173
"../../../Engine/Content/EngineDebugMaterials/VolumeToRender.uasset" 174
"../../../Engine/Content/EngineDebugMaterials/VolumeToRender.uexp" 175
"../../../Engine/Content/EngineDebugMaterials/M_VolumeRenderSphereTracePP.uasset" 176
"../../../Engine/Content/EngineDebugMaterials/M_VolumeRenderSphereTracePP.uexp" 177
"../../../Engine/Content/EngineDebugMaterials/M_SimpleUnlitTranslucent.uasset" 178
"../../../Engine/Content/EngineDebugMaterials/M_SimpleUnlitTranslucent.uexp" 179
"../../../Engine/Content/EngineFonts/Faces/RobotoLight.uexp" 180
"../../../Engine/Content/EngineFonts/Faces/RobotoLight.uasset" 181
"../../../Engine/Content/EngineFonts/Faces/RobotoLight.ufont" 182
"../../../Engine/Content/EngineFonts/Faces/RobotoBold.uexp" 183
"../../../Engine/Content/EngineFonts/Faces/RobotoBold.uasset" 184
"../../../Engine/Content/EngineFonts/Faces/RobotoBold.ufont" 185
"../../../Engine/Content/EngineFonts/Faces/RobotoRegular.uexp" 186
"../../../Engine/Content/EngineFonts/Faces/RobotoRegular.uasset" 187
"../../../Engine/Content/EngineFonts/Faces/RobotoRegular.ufont" 188
"../../../Engine/Content/EngineFonts/Faces/DroidSansFallback.uexp" 189
"../../../Engine/Content/EngineFonts/Faces/DroidSansFallback.uasset" 190
"../../../Engine/Content/EngineFonts/Faces/DroidSansFallback.ufont" 191
"../../../Engine/Content/EngineFonts/Faces/RobotoItalic.uexp" 192
"../../../Engine/Content/EngineFonts/Faces/RobotoItalic.uasset" 193
"../../../Engine/Content/EngineFonts/Faces/RobotoItalic.ufont" 194
"../../../Engine/Content/EngineFonts/Faces/RobotoBoldItalic.uexp" 195
"../../../Engine/Content/EngineFonts/Faces/RobotoBoldItalic.uasset" 196
"../../../Engine/Content/EngineFonts/Faces/RobotoBoldItalic.ufont" 197
"../../../Engine/Content/EngineFonts/Roboto.uasset" 198
"../../../Engine/Content/EngineFonts/Roboto.uexp" 199
"../../../Engine/Content/EngineDebugMaterials/DebugMeshMaterial.uasset" 200
"../../../Engine/Content/EngineDebugMaterials/DebugMeshMaterial.uexp" 201
"../../../Engine/Content/EngineDebugMaterials/DebugEditorMaterial.uasset" 202
"../../../Engine/Content/EngineDebugMaterials/DebugEditorMaterial.uexp" 203
"../../../Engine/Content/EngineResources/WhiteSquareTexture.uasset" 204
"../../../Engine/Content/EngineResources/WhiteSquareTexture.uexp" 205
"../../../Engine/Content/EngineMaterials/Widget3DPassThrough.uasset" 206
"../../../Engine/Content/EngineMaterials/Widget3DPassThrough.uexp" 207
"../../../Engine/Content/EngineMaterials/Widget3DPassThrough_Translucent.uasset" 208
"../../../Engine/Content/EngineMaterials/Widget3DPassThrough_Translucent.uexp" 209
"../../../Engine/Content/EngineMaterials/Widget3DPassThrough_Translucent_OneSided.uasset" 210
"../../../Engine/Content/EngineMaterials/Widget3DPassThrough_Translucent_OneSided.uexp" 211
"../../../Engine/Content/EngineMaterials/Widget3DPassThrough_Opaque.uasset" 212
"../../../Engine/Content/EngineMaterials/Widget3DPassThrough_Opaque.uexp" 213
"../../../Engine/Content/EngineMaterials/Widget3DPassThrough_Opaque_OneSided.uasset" 214
"../../../Engine/Content/EngineMaterials/Widget3DPassThrough_Opaque_OneSided.uexp" 215
"../../../Engine/Content/EngineMaterials/Widget3DPassThrough_Masked_OneSided.uasset" 216
"../../../Engine/Content/EngineMaterials/Widget3DPassThrough_Masked_OneSided.uexp" 217
"../../../Engine/Content/EngineMaterials/Widget3DPassThrough_Masked.uasset" 218
"../../../Engine/Content/EngineMaterials/Widget3DPassThrough_Masked.uexp" 219
"../../../Engine/Content/EngineMaterials/WeightMapPlaceholderTexture.uasset" 220
"../../../Engine/Content/EngineMaterials/WeightMapPlaceholderTexture.uexp" 221
"../../../Engine/Content/EngineMaterials/RemoveSurfaceMaterial.uasset" 222
"../../../Engine/Content/EngineMaterials/RemoveSurfaceMaterial.uexp" 223
"../../../Engine/Content/EngineMeshes/Sphere.ubulk" 224
"../../../Engine/Content/EngineMeshes/Sphere.uasset" 225
"../../../Engine/Content/EngineMeshes/Sphere.uexp" 226
"../../../Engine/Content/EngineMaterials/PreintegratedSkinBRDF.uasset" 227
"../../../Engine/Content/EngineMaterials/PreintegratedSkinBRDF.uexp" 228
"../../../Engine/Content/Functions/Engine_MaterialFunctions02/WorldPositionOffset/CameraOffset.uasset" 229
"../../../Engine/Content/Functions/Engine_MaterialFunctions02/WorldPositionOffset/CameraOffset.uexp" 230
"../../../Engine/Content/EngineMaterials/PhAT_JointLimitMaterial.uasset" 231
"../../../Engine/Content/EngineMaterials/PhAT_JointLimitMaterial.uexp" 232
"../../../Engine/Content/EngineMaterials/InvalidLightmapSettings.ubulk" 233
"../../../Engine/Content/EngineMaterials/InvalidLightmapSettings.uasset" 234
"../../../Engine/Content/EngineMaterials/InvalidLightmapSettings.uexp" 235
"../../../Engine/Content/EngineMaterials/M_InvalidLightmapSettings.uasset" 236
"../../../Engine/Content/EngineMaterials/M_InvalidLightmapSettings.uexp" 237
"../../../Engine/Content/EngineMaterials/MiniFont.uasset" 238
"../../../Engine/Content/EngineMaterials/MiniFont.uexp" 239
"../../../Engine/Content/EngineMaterials/GizmoMaterial.uasset" 240
"../../../Engine/Content/EngineMaterials/GizmoMaterial.uexp" 241
"../../../Engine/Content/EngineMaterials/BaseFlattenEmissiveMap_VT.uasset" 242
"../../../Engine/Content/EngineMaterials/BaseFlattenEmissiveMap_VT.uexp" 243
"../../../Engine/Content/EngineMaterials/BaseFlattenGrayscaleMap_VT.uasset" 244
"../../../Engine/Content/EngineMaterials/BaseFlattenGrayscaleMap_VT.uexp" 245
"../../../Engine/Content/EngineMaterials/BaseFlattenLinearColor_VT.uasset" 246
"../../../Engine/Content/EngineMaterials/BaseFlattenLinearColor_VT.uexp" 247
"../../../Engine/Content/EngineMaterials/Black_1x1_EXR_Texture_VT.uasset" 248
"../../../Engine/Content/EngineMaterials/Black_1x1_EXR_Texture_VT.uexp" 249
"../../../Engine/Content/EngineMaterials/BaseFlattenDiffuseMap_VT.uasset" 250
"../../../Engine/Content/EngineMaterials/BaseFlattenDiffuseMap_VT.uexp" 251
"../../../Engine/Content/EngineMaterials/BaseFlattenNormalMap_VT.uasset" 252
"../../../Engine/Content/EngineMaterials/BaseFlattenNormalMap_VT.uexp" 253
"../../../Engine/Content/EngineMaterials/FlattenMaterial_WS_Normal_VT.uasset" 254
"../../../Engine/Content/EngineMaterials/FlattenMaterial_WS_Normal_VT.uexp" 255
"../../../Engine/Content/EngineMaterials/FlattenMaterial_VT.uasset" 256
"../../../Engine/Content/EngineMaterials/FlattenMaterial_VT.uexp" 257
"../../../Engine/Content/EngineMaterials/BaseFlattenNormalMap.uasset" 258
"../../../Engine/Content/EngineMaterials/BaseFlattenNormalMap.uexp" 259
"../../../Engine/Content/EngineMaterials/BaseFlattenGrayscaleMap.uasset" 260
"../../../Engine/Content/EngineMaterials/BaseFlattenGrayscaleMap.uexp" 261
"../../../Engine/Content/EngineMaterials/BaseFlattenDiffuseMap.uasset" 262
"../../../Engine/Content/EngineMaterials/BaseFlattenDiffuseMap.uexp" 263
"../../../Engine/Content/Functions/Engine_MaterialFunctions02/PivotPainter2/Black_1x1_EXR_Texture.uasset" 264
"../../../Engine/Content/Functions/Engine_MaterialFunctions02/PivotPainter2/Black_1x1_EXR_Texture.uexp" 265
"../../../Engine/Content/EngineMaterials/BaseFlattenEmissiveMap.uasset" 266
"../../../Engine/Content/EngineMaterials/BaseFlattenEmissiveMap.uexp" 267
"../../../Engine/Content/EngineMaterials/BaseFlattenLinearColor.uasset" 268
"../../../Engine/Content/EngineMaterials/BaseFlattenLinearColor.uexp" 269
"../../../Engine/Content/EngineMaterials/FlattenMaterial.uasset" 270
"../../../Engine/Content/EngineMaterials/FlattenMaterial.uexp" 271
"../../../Engine/Content/EngineMaterials/DefaultWhiteGrid_Low.uasset" 272
"../../../Engine/Content/EngineMaterials/DefaultWhiteGrid_Low.uexp" 273
"../../../Engine/Content/EngineMaterials/EmissiveMeshMaterial.uasset" 274
"../../../Engine/Content/EngineMaterials/EmissiveMeshMaterial.uexp" 275
"../../../Engine/Content/EngineMaterials/DefaultWhiteGrid.ubulk" 276
"../../../Engine/Content/EngineMaterials/DefaultWhiteGrid.uasset" 277
"../../../Engine/Content/EngineMaterials/DefaultWhiteGrid.uexp" 278
"../../../Engine/Content/EngineFonts/RobotoDistanceField.uasset" 279
"../../../Engine/Content/EngineFonts/RobotoDistanceField.uexp" 280
"../../../Engine/Content/EngineMaterials/DefaultTextMaterialOpaque.uasset" 281
"../../../Engine/Content/EngineMaterials/DefaultTextMaterialOpaque.uexp" 282
"../../../Engine/Content/EngineMaterials/DefaultDiffuse.ubulk" 283
"../../../Engine/Content/EngineMaterials/DefaultDiffuse.uasset" 284
"../../../Engine/Content/EngineMaterials/DefaultDiffuse.uexp" 285
"../../../Engine/Content/Functions/Engine_MaterialFunctions02/Utility/BreakOutFloat2Components.uasset" 286
"../../../Engine/Content/Functions/Engine_MaterialFunctions02/Utility/BreakOutFloat2Components.uexp" 287
"../../../Engine/Content/EngineMaterials/DefaultPostProcessMaterial.uasset" 288
"../../../Engine/Content/EngineMaterials/DefaultPostProcessMaterial.uexp" 289
"../../../Engine/Content/EngineMaterials/DefaultPhysicalMaterial.uasset" 290
"../../../Engine/Content/EngineMaterials/DefaultPhysicalMaterial.uexp" 291
"../../../Engine/Content/EngineMaterials/DefaultLightFunctionMaterial.uasset" 292
"../../../Engine/Content/EngineMaterials/DefaultLightFunctionMaterial.uexp" 293
"../../../Engine/Content/EngineMaterials/DefaultDestructiblePhysicalMaterial.uasset" 294
"../../../Engine/Content/EngineMaterials/DefaultDestructiblePhysicalMaterial.uexp" 295
"../../../Engine/Content/EngineMaterials/DefaultDeferredDecalMaterial.uasset" 296
"../../../Engine/Content/EngineMaterials/DefaultDeferredDecalMaterial.uexp" 297
"../../../Engine/Content/EngineMaterials/DefaultBokeh.uasset" 298
"../../../Engine/Content/EngineMaterials/DefaultBokeh.uexp" 299
"../../../Engine/Content/EngineMaterials/DefaultBloomKernel.uasset" 300
"../../../Engine/Content/EngineMaterials/DefaultBloomKernel.uexp" 301
"../../../Engine/Content/EngineMaterials/BlueNoise.uasset" 302
"../../../Engine/Content/EngineMaterials/BlueNoise.uexp" 303
"../../../Engine/Content/EngineResources/GradientTexture0.uasset" 304
"../../../Engine/Content/EngineResources/GradientTexture0.uexp" 305
"../../../Engine/Content/EngineResources/DefaultVolumeTexture2D.uasset" 306
"../../../Engine/Content/EngineResources/DefaultVolumeTexture2D.uexp" 307
"../../../Engine/Content/EngineResources/DefaultVolumeTexture.uasset" 308
"../../../Engine/Content/EngineResources/DefaultVolumeTexture.uexp" 309
"../../../Engine/Content/EngineResources/DefaultTextureCube.uasset" 310
"../../../Engine/Content/EngineResources/DefaultTextureCube.uexp" 311
"../../../Engine/Content/EngineResources/DefaultTexture.ubulk" 312
"../../../Engine/Content/EngineResources/DefaultTexture.uasset" 313
"../../../Engine/Content/EngineResources/DefaultTexture.uexp" 314
"../../../Engine/Content/EngineResources/FilmGrains/Marcie_Grain_v3_128_M2_000.uasset" 315
"../../../Engine/Content/EngineResources/FilmGrains/Marcie_Grain_v3_128_M2_000.uexp" 316
"../../../Engine/Content/EngineSky/VolumetricClouds/CloudWeatherTexture.uasset" 317
"../../../Engine/Content/EngineSky/VolumetricClouds/CloudWeatherTexture.uexp" 318
"../../../Engine/Content/Functions/Engine_MaterialFunctions02/Utility/MakeFloat2.uasset" 319
"../../../Engine/Content/Functions/Engine_MaterialFunctions02/Utility/MakeFloat2.uexp" 320
"../../../Engine/Content/EngineSky/VolumetricClouds/CloudGradientTexture.uasset" 321
"../../../Engine/Content/EngineSky/VolumetricClouds/CloudGradientTexture.uexp" 322
"../../../Engine/Content/EngineSky/VolumetricClouds/T_NoiseShape64.ubulk" 323
"../../../Engine/Content/EngineSky/VolumetricClouds/T_NoiseShape64.uasset" 324
"../../../Engine/Content/EngineSky/VolumetricClouds/T_NoiseShape64.uexp" 325
"../../../Engine/Content/EngineSky/VolumetricClouds/T_VolumeNoiseShape64.uasset" 326
"../../../Engine/Content/EngineSky/VolumetricClouds/T_VolumeNoiseShape64.uexp" 327
"../../../Engine/Content/EngineSky/VolumetricClouds/T_NoiseErosion.ubulk" 328
"../../../Engine/Content/EngineSky/VolumetricClouds/T_NoiseErosion.uasset" 329
"../../../Engine/Content/EngineSky/VolumetricClouds/T_NoiseErosion.uexp" 330
"../../../Engine/Content/EngineSky/VolumetricClouds/T_VolumeNoiseErosion32.uasset" 331
"../../../Engine/Content/EngineSky/VolumetricClouds/T_VolumeNoiseErosion32.uexp" 332
"../../../Engine/Content/EngineSky/VolumetricClouds/m_SimpleVolumetricCloud.uasset" 333
"../../../Engine/Content/EngineSky/VolumetricClouds/m_SimpleVolumetricCloud.uexp" 334
"../../../Engine/Content/EngineSky/VolumetricClouds/m_SimpleVolumetricCloud_Inst.uasset" 335
"../../../Engine/Content/EngineSky/VolumetricClouds/m_SimpleVolumetricCloud_Inst.uexp" 336
"../../../Engine/Content/EngineSounds/Master.uasset" 337
"../../../Engine/Content/EngineSounds/Master.uexp" 338
"../../../Engine/Content/Functions/Engine_MaterialFunctions01/Shading/PowerToRoughness.uasset" 339
"../../../Engine/Content/Functions/Engine_MaterialFunctions01/Shading/PowerToRoughness.uexp" 340
"../../../Engine/Content/Functions/Engine_MaterialFunctions01/Shading/ConvertFromDiffSpec.uasset" 341
"../../../Engine/Content/Functions/Engine_MaterialFunctions01/Shading/ConvertFromDiffSpec.uexp" 342
"../../../Engine/Content/Tutorial/ContentIntroCurve.uasset" 343
"../../../Engine/Content/Tutorial/ContentIntroCurve.uexp" 344
"../../../Engine/Content/VREditor/TransformGizmo/Main.uasset" 345
"../../../Engine/Content/VREditor/TransformGizmo/Main.uexp" 346
"../../../Engine/Content/VREditor/TransformGizmo/Xray.uasset" 347
"../../../Engine/Content/VREditor/TransformGizmo/Xray.uexp" 348
"../../../Engine/Content/VREditor/TransformGizmo/SM_Sequencer_Node.ubulk" 349
"../../../Engine/Content/VREditor/TransformGizmo/SM_Sequencer_Node.uasset" 350
"../../../Engine/Content/VREditor/TransformGizmo/SM_Sequencer_Node.uexp" 351
"../../../Engine/Content/VREditor/LaserPointer/VR_LaserPower_01.ubulk" 352
"../../../Engine/Content/VREditor/LaserPointer/VR_LaserPower_01.uasset" 353
"../../../Engine/Content/VREditor/LaserPointer/VR_LaserPower_01.uexp" 354
"../../../Engine/Content/VREditor/TransformGizmo/TransformGizmoMaterial.uasset" 355
"../../../Engine/Content/VREditor/TransformGizmo/TransformGizmoMaterial.uexp" 356
"../../../Engine/Content/VREditor/TransformGizmo/TranslucentTransformGizmoMaterial.uasset" 357
"../../../Engine/Content/VREditor/TransformGizmo/TranslucentTransformGizmoMaterial.uexp" 358
"../../../Engine/Content/VREditor/TransformGizmo/PlaneTranslationHandle.ubulk" 359
"../../../Engine/Content/VREditor/TransformGizmo/PlaneTranslationHandle.uasset" 360
"../../../Engine/Content/VREditor/TransformGizmo/PlaneTranslationHandle.uexp" 361
"../../../Engine/Content/VREditor/TransformGizmo/BoundingBoxEdge.ubulk" 362
"../../../Engine/Content/VREditor/TransformGizmo/BoundingBoxEdge.uasset" 363
"../../../Engine/Content/VREditor/TransformGizmo/BoundingBoxEdge.uexp" 364
"../../../Engine/Content/VREditor/TransformGizmo/BoundingBoxCorner.ubulk" 365
"../../../Engine/Content/VREditor/TransformGizmo/BoundingBoxCorner.uasset" 366
"../../../Engine/Content/VREditor/TransformGizmo/BoundingBoxCorner.uexp" 367
"../../../Engine/Plugins/2D/Paper2D/Content/PlaceholderTextures/DummySpriteTexture.ubulk" 368
"../../../Engine/Plugins/2D/Paper2D/Content/PlaceholderTextures/DummySpriteTexture.uasset" 369
"../../../Engine/Plugins/2D/Paper2D/Content/PlaceholderTextures/DummySpriteTexture.uexp" 370
"../../../Engine/Plugins/2D/Paper2D/Content/DefaultSpriteMaterial.uasset" 371
"../../../Engine/Plugins/2D/Paper2D/Content/DefaultSpriteMaterial.uexp" 372
"../../../Engine/Plugins/2D/Paper2D/Content/OpaqueUnlitSpriteMaterial.uasset" 373
"../../../Engine/Plugins/2D/Paper2D/Content/OpaqueUnlitSpriteMaterial.uexp" 374
"../../../Engine/Plugins/2D/Paper2D/Content/MaskedUnlitSpriteMaterial.uasset" 375
"../../../Engine/Plugins/2D/Paper2D/Content/MaskedUnlitSpriteMaterial.uexp" 376
"../../../Engine/Plugins/2D/Paper2D/Content/DummySprite.uasset" 377
"../../../Engine/Plugins/2D/Paper2D/Content/DummySprite.uexp" 378
"../../../Engine/Plugins/2D/Paper2D/Content/DefaultPaperTerrainMaterial.uasset" 379
"../../../Engine/Plugins/2D/Paper2D/Content/DefaultPaperTerrainMaterial.uexp" 380
"../../../Engine/Content/EngineResources/Black.uasset" 381
"../../../Engine/Content/EngineResources/Black.uexp" 382
"../../../Engine/Plugins/Runtime/OpenXR/Content/Devices/M_XRController.uasset" 383
"../../../Engine/Plugins/Runtime/OpenXR/Content/Devices/M_XRController.uexp" 384
"../../../Engine/Plugins/Runtime/OpenXR/Content/Devices/ValveIndex/MRTexture.ubulk" 385
"../../../Engine/Plugins/Runtime/OpenXR/Content/Devices/ValveIndex/MRTexture.uasset" 386
"../../../Engine/Plugins/Runtime/OpenXR/Content/Devices/ValveIndex/MRTexture.uexp" 387
"../../../Engine/Plugins/Runtime/OpenXR/Content/Devices/ValveIndex/BaseTexture.ubulk" 388
"../../../Engine/Plugins/Runtime/OpenXR/Content/Devices/ValveIndex/BaseTexture.uasset" 389
"../../../Engine/Plugins/Runtime/OpenXR/Content/Devices/ValveIndex/BaseTexture.uexp" 390
"../../../Engine/Plugins/Runtime/OpenXR/Content/Devices/ValveIndex/Right/MI_right_ValveIndex.uasset" 391
"../../../Engine/Plugins/Runtime/OpenXR/Content/Devices/ValveIndex/Right/MI_right_ValveIndex.uexp" 392
"../../../Engine/Plugins/Runtime/OpenXR/Content/Devices/ValveIndex/Right/right_ValveIndexController.ubulk" 393
"../../../Engine/Plugins/Runtime/OpenXR/Content/Devices/ValveIndex/Right/right_ValveIndexController.uasset" 394
"../../../Engine/Plugins/Runtime/OpenXR/Content/Devices/ValveIndex/Right/right_ValveIndexController.uexp" 395
"../../../Engine/Plugins/Runtime/OpenXR/Content/Devices/ValveIndex/Left/MI_left_ValveIndex.uasset" 396
"../../../Engine/Plugins/Runtime/OpenXR/Content/Devices/ValveIndex/Left/MI_left_ValveIndex.uexp" 397
"../../../Engine/Plugins/Runtime/OpenXR/Content/Devices/ValveIndex/Left/left_ValveIndexController.ubulk" 398
"../../../Engine/Plugins/Runtime/OpenXR/Content/Devices/ValveIndex/Left/left_ValveIndexController.uasset" 399
"../../../Engine/Plugins/Runtime/OpenXR/Content/Devices/ValveIndex/Left/left_ValveIndexController.uexp" 400
"../../../Engine/Plugins/Runtime/OpenXR/Content/Devices/OculusTouch_v3/MRTexture.ubulk" 401
"../../../Engine/Plugins/Runtime/OpenXR/Content/Devices/OculusTouch_v3/MRTexture.uasset" 402
"../../../Engine/Plugins/Runtime/OpenXR/Content/Devices/OculusTouch_v3/MRTexture.uexp" 403
"../../../Engine/Plugins/Runtime/OpenXR/Content/Devices/OculusTouch_v3/BaseTexture.ubulk" 404
"../../../Engine/Plugins/Runtime/OpenXR/Content/Devices/OculusTouch_v3/BaseTexture.uasset" 405
"../../../Engine/Plugins/Runtime/OpenXR/Content/Devices/OculusTouch_v3/BaseTexture.uexp" 406
"../../../Engine/Plugins/Runtime/OpenXR/Content/Devices/OculusTouch_v3/MI_OculusTouch_v3.uasset" 407
"../../../Engine/Plugins/Runtime/OpenXR/Content/Devices/OculusTouch_v3/MI_OculusTouch_v3.uexp" 408
"../../../Engine/Plugins/Runtime/OpenXR/Content/Devices/OculusTouch_v3/Right/right_OculusTouch_v3Controller.ubulk" 409
"../../../Engine/Plugins/Runtime/OpenXR/Content/Devices/OculusTouch_v3/Right/right_OculusTouch_v3Controller.uasset" 410
"../../../Engine/Plugins/Runtime/OpenXR/Content/Devices/OculusTouch_v3/Right/right_OculusTouch_v3Controller.uexp" 411
"../../../Engine/Plugins/Runtime/OpenXR/Content/Devices/OculusTouch_v3/Left/left_OculusTouch_v3Controller.ubulk" 412
"../../../Engine/Plugins/Runtime/OpenXR/Content/Devices/OculusTouch_v3/Left/left_OculusTouch_v3Controller.uasset" 413
"../../../Engine/Plugins/Runtime/OpenXR/Content/Devices/OculusTouch_v3/Left/left_OculusTouch_v3Controller.uexp" 414
"../../../Engine/Plugins/Runtime/OpenXR/Content/Devices/OculusTouch/BaseTexture.ubulk" 415
"../../../Engine/Plugins/Runtime/OpenXR/Content/Devices/OculusTouch/BaseTexture.uasset" 416
"../../../Engine/Plugins/Runtime/OpenXR/Content/Devices/OculusTouch/BaseTexture.uexp" 417
"../../../Engine/Plugins/Runtime/OpenXR/Content/Devices/OculusTouch/MRTexture.ubulk" 418
"../../../Engine/Plugins/Runtime/OpenXR/Content/Devices/OculusTouch/MRTexture.uasset" 419
"../../../Engine/Plugins/Runtime/OpenXR/Content/Devices/OculusTouch/MRTexture.uexp" 420
"../../../Engine/Plugins/Runtime/OpenXR/Content/Devices/OculusTouch/MI_OculusTouch.uasset" 421
"../../../Engine/Plugins/Runtime/OpenXR/Content/Devices/OculusTouch/MI_OculusTouch.uexp" 422
"../../../Engine/Plugins/Runtime/OpenXR/Content/Devices/OculusTouch/Right/right_OculusTouchController.ubulk" 423
"../../../Engine/Plugins/Runtime/OpenXR/Content/Devices/OculusTouch/Right/right_OculusTouchController.uasset" 424
"../../../Engine/Plugins/Runtime/OpenXR/Content/Devices/OculusTouch/Right/right_OculusTouchController.uexp" 425
"../../../Engine/Plugins/Runtime/OpenXR/Content/Devices/OculusTouch/Left/left_OculusTouchController.ubulk" 426
"../../../Engine/Plugins/Runtime/OpenXR/Content/Devices/OculusTouch/Left/left_OculusTouchController.uasset" 427
"../../../Engine/Plugins/Runtime/OpenXR/Content/Devices/OculusTouch/Left/left_OculusTouchController.uexp" 428
"../../../Engine/Plugins/Runtime/OpenXR/Content/Devices/OculusGo/BaseTexture.ubulk" 429
"../../../Engine/Plugins/Runtime/OpenXR/Content/Devices/OculusGo/BaseTexture.uasset" 430
"../../../Engine/Plugins/Runtime/OpenXR/Content/Devices/OculusGo/BaseTexture.uexp" 431
"../../../Engine/Plugins/Runtime/OpenXR/Content/Devices/OculusGo/MI_OculusGo.uasset" 432
"../../../Engine/Plugins/Runtime/OpenXR/Content/Devices/OculusGo/MI_OculusGo.uexp" 433
"../../../Engine/Plugins/Runtime/OpenXR/Content/Devices/OculusGo/OculusGoController.ubulk" 434
"../../../Engine/Plugins/Runtime/OpenXR/Content/Devices/OculusGo/OculusGoController.uasset" 435
"../../../Engine/Plugins/Runtime/OpenXR/Content/Devices/OculusGo/OculusGoController.uexp" 436
"../../../Engine/Plugins/Runtime/OpenXR/Content/Devices/MicrosoftMixedReality/NormalTexture.ubulk" 437
"../../../Engine/Plugins/Runtime/OpenXR/Content/Devices/MicrosoftMixedReality/NormalTexture.uasset" 438
"../../../Engine/Plugins/Runtime/OpenXR/Content/Devices/MicrosoftMixedReality/NormalTexture.uexp" 439
"../../../Engine/Plugins/Runtime/OpenXR/Content/Devices/MicrosoftMixedReality/EmissiveTexture.ubulk" 440
"../../../Engine/Plugins/Runtime/OpenXR/Content/Devices/MicrosoftMixedReality/EmissiveTexture.uasset" 441
"../../../Engine/Plugins/Runtime/OpenXR/Content/Devices/MicrosoftMixedReality/EmissiveTexture.uexp" 442
"../../../Engine/Plugins/Runtime/OpenXR/Content/Devices/MicrosoftMixedReality/BaseTexture.ubulk" 443
"../../../Engine/Plugins/Runtime/OpenXR/Content/Devices/MicrosoftMixedReality/BaseTexture.uasset" 444
"../../../Engine/Plugins/Runtime/OpenXR/Content/Devices/MicrosoftMixedReality/BaseTexture.uexp" 445
"../../../Engine/Plugins/Runtime/OpenXR/Content/Devices/MicrosoftMixedReality/MRTexture.ubulk" 446
"../../../Engine/Plugins/Runtime/OpenXR/Content/Devices/MicrosoftMixedReality/MRTexture.uasset" 447
"../../../Engine/Plugins/Runtime/OpenXR/Content/Devices/MicrosoftMixedReality/MRTexture.uexp" 448
"../../../Engine/Plugins/Runtime/OpenXR/Content/Devices/MicrosoftMixedReality/MI_MicrosoftMixedReality.uasset" 449
"../../../Engine/Plugins/Runtime/OpenXR/Content/Devices/MicrosoftMixedReality/MI_MicrosoftMixedReality.uexp" 450
"../../../Engine/Plugins/Runtime/OpenXR/Content/Devices/MicrosoftMixedReality/Right/right_MicrosoftMixedRealityController.ubulk" 451
"../../../Engine/Plugins/Runtime/OpenXR/Content/Devices/MicrosoftMixedReality/Right/right_MicrosoftMixedRealityController.uasset" 452
"../../../Engine/Plugins/Runtime/OpenXR/Content/Devices/MicrosoftMixedReality/Right/right_MicrosoftMixedRealityController.uexp" 453
"../../../Engine/Plugins/Runtime/OpenXR/Content/Devices/MicrosoftMixedReality/Left/left_MicrosoftMixedRealityController.ubulk" 454
"../../../Engine/Plugins/Runtime/OpenXR/Content/Devices/MicrosoftMixedReality/Left/left_MicrosoftMixedRealityController.uasset" 455
"../../../Engine/Plugins/Runtime/OpenXR/Content/Devices/MicrosoftMixedReality/Left/left_MicrosoftMixedRealityController.uexp" 456
"../../../Engine/Plugins/Runtime/OpenXR/Content/Devices/HTCVive/BaseTexture.ubulk" 457
"../../../Engine/Plugins/Runtime/OpenXR/Content/Devices/HTCVive/BaseTexture.uasset" 458
"../../../Engine/Plugins/Runtime/OpenXR/Content/Devices/HTCVive/BaseTexture.uexp" 459
"../../../Engine/Plugins/Runtime/OpenXR/Content/Devices/HTCVive/MI_HTCVive.uasset" 460
"../../../Engine/Plugins/Runtime/OpenXR/Content/Devices/HTCVive/MI_HTCVive.uexp" 461
"../../../Engine/Plugins/Runtime/OpenXR/Content/Devices/HTCVive/HTCViveController.ubulk" 462
"../../../Engine/Plugins/Runtime/OpenXR/Content/Devices/HTCVive/HTCViveController.uasset" 463
"../../../Engine/Plugins/Runtime/OpenXR/Content/Devices/HTCVive/HTCViveController.uexp" 464
"../../../Engine/Plugins/Runtime/Oculus/OculusVR/Content/Textures/TouchForQuestRiftSController_albedo.ubulk" 465
"../../../Engine/Plugins/Runtime/Oculus/OculusVR/Content/Textures/TouchForQuestRiftSController_albedo.uasset" 466
"../../../Engine/Plugins/Runtime/Oculus/OculusVR/Content/Textures/TouchForQuestRiftSController_albedo.uexp" 467
"../../../Engine/Plugins/Runtime/Oculus/OculusVR/Content/Materials/TouchForQuestRiftSControllerMaterial.uasset" 468
"../../../Engine/Plugins/Runtime/Oculus/OculusVR/Content/Materials/TouchForQuestRiftSControllerMaterial.uexp" 469
"../../../Engine/Plugins/Runtime/Oculus/OculusVR/Content/Meshes/RightTouchForQuestRiftSController.ubulk" 470
"../../../Engine/Plugins/Runtime/Oculus/OculusVR/Content/Meshes/RightTouchForQuestRiftSController.uasset" 471
"../../../Engine/Plugins/Runtime/Oculus/OculusVR/Content/Meshes/RightTouchForQuestRiftSController.uexp" 472
"../../../Engine/Plugins/Runtime/Oculus/OculusVR/Content/Textures/touchController_albedo.ubulk" 473
"../../../Engine/Plugins/Runtime/Oculus/OculusVR/Content/Textures/touchController_albedo.uasset" 474
"../../../Engine/Plugins/Runtime/Oculus/OculusVR/Content/Textures/touchController_albedo.uexp" 475
"../../../Engine/Plugins/Runtime/Oculus/OculusVR/Content/Textures/touchController_controlmap.ubulk" 476
"../../../Engine/Plugins/Runtime/Oculus/OculusVR/Content/Textures/touchController_controlmap.uasset" 477
"../../../Engine/Plugins/Runtime/Oculus/OculusVR/Content/Textures/touchController_controlmap.uexp" 478
"../../../Engine/Plugins/Runtime/Oculus/OculusVR/Content/Materials/touchController_mat.uasset" 479
"../../../Engine/Plugins/Runtime/Oculus/OculusVR/Content/Materials/touchController_mat.uexp" 480
"../../../Engine/Plugins/Runtime/Oculus/OculusVR/Content/Meshes/RightTouchController.ubulk" 481
"../../../Engine/Plugins/Runtime/Oculus/OculusVR/Content/Meshes/RightTouchController.uasset" 482
"../../../Engine/Plugins/Runtime/Oculus/OculusVR/Content/Meshes/RightTouchController.uexp" 483
"../../../Engine/Plugins/Runtime/Oculus/OculusVR/Content/Meshes/RiftHMD.ubulk" 484
"../../../Engine/Plugins/Runtime/Oculus/OculusVR/Content/Meshes/RiftHMD.uasset" 485
"../../../Engine/Plugins/Runtime/Oculus/OculusVR/Content/Meshes/RiftHMD.uexp" 486
"../../../Engine/Plugins/Runtime/Oculus/OculusVR/Content/Meshes/LeftTouchForQuestRiftSController.ubulk" 487
"../../../Engine/Plugins/Runtime/Oculus/OculusVR/Content/Meshes/LeftTouchForQuestRiftSController.uasset" 488
"../../../Engine/Plugins/Runtime/Oculus/OculusVR/Content/Meshes/LeftTouchForQuestRiftSController.uexp" 489
"../../../Engine/Plugins/Runtime/Oculus/OculusVR/Content/Meshes/LeftTouchController.ubulk" 490
"../../../Engine/Plugins/Runtime/Oculus/OculusVR/Content/Meshes/LeftTouchController.uasset" 491
"../../../Engine/Plugins/Runtime/Oculus/OculusVR/Content/Meshes/LeftTouchController.uexp" 492
"../../../Engine/Plugins/Runtime/Oculus/OculusVR/Content/Materials/PokeAHoleMaterial.uasset" 493
"../../../Engine/Plugins/Runtime/Oculus/OculusVR/Content/Materials/PokeAHoleMaterial.uexp" 494
"../../../Engine/Plugins/Runtime/Oculus/OculusVR/Content/Materials/OculusMR_OpaqueColoredMaterial.uasset" 495
"../../../Engine/Plugins/Runtime/Oculus/OculusVR/Content/Materials/OculusMR_OpaqueColoredMaterial.uexp" 496
"../../../Engine/Content/Functions/Engine_MaterialFunctions02/Utility/BreakOutFloat4Components.uasset" 497
"../../../Engine/Content/Functions/Engine_MaterialFunctions02/Utility/BreakOutFloat4Components.uexp" 498
"../../../Engine/Plugins/Runtime/Oculus/OculusVR/Content/Materials/OculusMR_ChromaKey.uasset" 499
"../../../Engine/Plugins/Runtime/Oculus/OculusVR/Content/Materials/OculusMR_ChromaKey.uexp" 500
"../../../Engine/Plugins/Runtime/HairStrands/Content/Materials/HairMeshesDefaultMaterial.uasset" 501
"../../../Engine/Plugins/Runtime/HairStrands/Content/Materials/HairMeshesDefaultMaterial.uexp" 502
"../../../Engine/Plugins/Runtime/HairStrands/Content/Materials/HairDefaultMaterial.uasset" 503
"../../../Engine/Plugins/Runtime/HairStrands/Content/Materials/HairDefaultMaterial.uexp" 504
"../../../Engine/Plugins/Runtime/HairStrands/Content/Materials/HairGroupColors.uasset" 505
"../../../Engine/Plugins/Runtime/HairStrands/Content/Materials/HairGroupColors.uexp" 506
"../../../Engine/Content/EngineMaterials/HairColorMap.uasset" 507
"../../../Engine/Content/EngineMaterials/HairColorMap.uexp" 508
"../../../Engine/Content/EngineMaterials/HairDebugColor.uasset" 509
"../../../Engine/Content/EngineMaterials/HairDebugColor.uexp" 510
"../../../Engine/Plugins/Runtime/HairStrands/Content/Materials/HairDebugMaterial.uasset" 511
"../../../Engine/Plugins/Runtime/HairStrands/Content/Materials/HairDebugMaterial.uexp" 512
"../../../Engine/Plugins/Runtime/HairStrands/Content/Materials/HairCardsDefaultMaterial.uasset" 513
"../../../Engine/Plugins/Runtime/HairStrands/Content/Materials/HairCardsDefaultMaterial.uexp" 514
"../../../Engine/Plugins/Editor/SpeedTreeImporter/Content/SpeedTree9/game_wind_noise.ubulk" 515
"../../../Engine/Plugins/Editor/SpeedTreeImporter/Content/SpeedTree9/game_wind_noise.uasset" 516
"../../../Engine/Plugins/Editor/SpeedTreeImporter/Content/SpeedTree9/game_wind_noise.uexp" 517
"../../../Engine/Plugins/Editor/SpeedTreeImporter/Content/SpeedTree9/UnpackDirection.uasset" 518
"../../../Engine/Plugins/Editor/SpeedTreeImporter/Content/SpeedTree9/UnpackDirection.uexp" 519
"../../../Engine/Content/Functions/Engine_MaterialFunctions02/ObjectLocalBounds.uasset" 520
"../../../Engine/Content/Functions/Engine_MaterialFunctions02/ObjectLocalBounds.uexp" 521
"../../../Engine/Content/Functions/Engine_MaterialFunctions02/UVs/BoundingBoxBased_0-1_UVW.uasset" 522
"../../../Engine/Content/Functions/Engine_MaterialFunctions02/UVs/BoundingBoxBased_0-1_UVW.uexp" 523
"../../../Engine/Content/Functions/Engine_MaterialFunctions02/Utility/VectorLength.uasset" 524
"../../../Engine/Content/Functions/Engine_MaterialFunctions02/Utility/VectorLength.uexp" 525
"../../../Engine/Plugins/Editor/SpeedTreeImporter/Content/SpeedTree9/UnpackInteger3.uasset" 526
"../../../Engine/Plugins/Editor/SpeedTreeImporter/Content/SpeedTree9/UnpackInteger3.uexp" 527
"../../../Engine/Plugins/Editor/SpeedTreeImporter/Content/SpeedTree9/SpeedTreeCameraFacing.uasset" 528
"../../../Engine/Plugins/Editor/SpeedTreeImporter/Content/SpeedTree9/SpeedTreeCameraFacing.uexp" 529
"../../../Engine/Content/Functions/Engine_MaterialFunctions02/WorldPositionOffset/ObjectScale.uasset" 530
"../../../Engine/Content/Functions/Engine_MaterialFunctions02/WorldPositionOffset/ObjectScale.uexp" 531
"../../../Engine/Content/Functions/Engine_MaterialFunctions02/SafeNormalize.uasset" 532
"../../../Engine/Content/Functions/Engine_MaterialFunctions02/SafeNormalize.uexp" 533
"../../../Engine/Plugins/Editor/SpeedTreeImporter/Content/SpeedTree9/SpeedTreeWindMotion.uasset" 534
"../../../Engine/Plugins/Editor/SpeedTreeImporter/Content/SpeedTree9/SpeedTreeWindMotion.uexp" 535
"../../../Engine/Plugins/Editor/SpeedTreeImporter/Content/SpeedTree9/SpeedTreeBranchMotion.uasset" 536
"../../../Engine/Plugins/Editor/SpeedTreeImporter/Content/SpeedTree9/SpeedTreeBranchMotion.uexp" 537
"../../../Engine/Plugins/Editor/SpeedTreeImporter/Content/SpeedTree9/SpeedTreeWind.uasset" 538
"../../../Engine/Plugins/Editor/SpeedTreeImporter/Content/SpeedTree9/SpeedTreeWind.uexp" 539
"../../../Engine/Plugins/Editor/SpeedTreeImporter/Content/SpeedTree9/EmptyNormal.uasset" 540
"../../../Engine/Plugins/Editor/SpeedTreeImporter/Content/SpeedTree9/EmptyNormal.uexp" 541
"../../../Engine/Plugins/Editor/SpeedTreeImporter/Content/SpeedTree9/Empty.uasset" 542
"../../../Engine/Plugins/Editor/SpeedTreeImporter/Content/SpeedTree9/Empty.uexp" 543
"../../../Engine/Plugins/Editor/SpeedTreeImporter/Content/SpeedTree9/SpeedTreeMaster.uasset" 544
"../../../Engine/Plugins/Editor/SpeedTreeImporter/Content/SpeedTree9/SpeedTreeMaster.uexp" 545
"../../../Engine/Plugins/Editor/SpeedTreeImporter/Content/SpeedTree9/SpeedTreeBillboard.uasset" 546
"../../../Engine/Plugins/Editor/SpeedTreeImporter/Content/SpeedTree9/SpeedTreeBillboard.uexp" 547
"../../../Engine/Plugins/Editor/SpeedTreeImporter/Content/SpeedTree9/SpeedTreeBillboardMaster.uasset" 548
"../../../Engine/Plugins/Editor/SpeedTreeImporter/Content/SpeedTree9/SpeedTreeBillboardMaster.uexp" 549
"../../../Engine/Plugins/Animation/ControlRig/Content/M_Manip.uasset" 550
"../../../Engine/Plugins/Animation/ControlRig/Content/M_Manip.uexp" 551
"../../../Engine/Plugins/Animation/ControlRig/Content/Controls/DefaultGizmoLibraryNormalized.uasset" 552
"../../../Engine/Plugins/Animation/ControlRig/Content/Controls/DefaultGizmoLibraryNormalized.uexp" 553
"../../../Engine/Plugins/Animation/ControlRig/Content/Controls/ControlRig_Wedge_solid.ubulk" 554
"../../../Engine/Plugins/Animation/ControlRig/Content/Controls/ControlRig_Wedge_solid.uasset" 555
"../../../Engine/Plugins/Animation/ControlRig/Content/Controls/ControlRig_Wedge_solid.uexp" 556
"../../../Engine/Plugins/Animation/ControlRig/Content/Controls/ControlRig_Wedge_3mm.ubulk" 557
"../../../Engine/Plugins/Animation/ControlRig/Content/Controls/ControlRig_Wedge_3mm.uasset" 558
"../../../Engine/Plugins/Animation/ControlRig/Content/Controls/ControlRig_Wedge_3mm.uexp" 559
"../../../Engine/Plugins/Animation/ControlRig/Content/Controls/ControlRig_Wedge_1mm.ubulk" 560
"../../../Engine/Plugins/Animation/ControlRig/Content/Controls/ControlRig_Wedge_1mm.uasset" 561
"../../../Engine/Plugins/Animation/ControlRig/Content/Controls/ControlRig_Wedge_1mm.uexp" 562
"../../../Engine/Plugins/Animation/ControlRig/Content/Controls/ControlRig_Triangle_solid.ubulk" 563
"../../../Engine/Plugins/Animation/ControlRig/Content/Controls/ControlRig_Triangle_solid.uasset" 564
"../../../Engine/Plugins/Animation/ControlRig/Content/Controls/ControlRig_Triangle_solid.uexp" 565
"../../../Engine/Plugins/Animation/ControlRig/Content/Controls/ControlRig_Triangle_3mm.ubulk" 566
"../../../Engine/Plugins/Animation/ControlRig/Content/Controls/ControlRig_Triangle_3mm.uasset" 567
"../../../Engine/Plugins/Animation/ControlRig/Content/Controls/ControlRig_Triangle_3mm.uexp" 568
"../../../Engine/Plugins/Animation/ControlRig/Content/Controls/ControlRig_Triangle_1mm.ubulk" 569
"../../../Engine/Plugins/Animation/ControlRig/Content/Controls/ControlRig_Triangle_1mm.uasset" 570
"../../../Engine/Plugins/Animation/ControlRig/Content/Controls/ControlRig_Triangle_1mm.uexp" 571
"../../../Engine/Plugins/Animation/ControlRig/Content/Controls/ControlRig_Star4_solid.ubulk" 572
"../../../Engine/Plugins/Animation/ControlRig/Content/Controls/ControlRig_Star4_solid.uasset" 573
"../../../Engine/Plugins/Animation/ControlRig/Content/Controls/ControlRig_Star4_solid.uexp" 574
"../../../Engine/Plugins/Animation/ControlRig/Content/Controls/ControlRig_Star4_3mm.ubulk" 575
"../../../Engine/Plugins/Animation/ControlRig/Content/Controls/ControlRig_Star4_3mm.uasset" 576
"../../../Engine/Plugins/Animation/ControlRig/Content/Controls/ControlRig_Star4_3mm.uexp" 577
"../../../Engine/Plugins/Animation/ControlRig/Content/Controls/ControlRig_Star4_1mm.ubulk" 578
"../../../Engine/Plugins/Animation/ControlRig/Content/Controls/ControlRig_Star4_1mm.uasset" 579
"../../../Engine/Plugins/Animation/ControlRig/Content/Controls/ControlRig_Star4_1mm.uexp" 580
"../../../Engine/Plugins/Animation/ControlRig/Content/Controls/ControlRig_Square_solid.ubulk" 581
"../../../Engine/Plugins/Animation/ControlRig/Content/Controls/ControlRig_Square_solid.uasset" 582
"../../../Engine/Plugins/Animation/ControlRig/Content/Controls/ControlRig_Square_solid.uexp" 583
"../../../Engine/Plugins/Animation/ControlRig/Content/Controls/ControlRig_Square_3mm.ubulk" 584
"../../../Engine/Plugins/Animation/ControlRig/Content/Controls/ControlRig_Square_3mm.uasset" 585
"../../../Engine/Plugins/Animation/ControlRig/Content/Controls/ControlRig_Square_3mm.uexp" 586
"../../../Engine/Plugins/Animation/ControlRig/Content/Controls/ControlRig_Square_1mm.ubulk" 587
"../../../Engine/Plugins/Animation/ControlRig/Content/Controls/ControlRig_Square_1mm.uasset" 588
"../../../Engine/Plugins/Animation/ControlRig/Content/Controls/ControlRig_Square_1mm.uexp" 589
"../../../Engine/Plugins/Animation/ControlRig/Content/Controls/ControlRig_Sphere_solid.ubulk" 590
"../../../Engine/Plugins/Animation/ControlRig/Content/Controls/ControlRig_Sphere_solid.uasset" 591
"../../../Engine/Plugins/Animation/ControlRig/Content/Controls/ControlRig_Sphere_solid.uexp" 592
"../../../Engine/Plugins/Animation/ControlRig/Content/Controls/ControlRig_Sphere_3mm.ubulk" 593
"../../../Engine/Plugins/Animation/ControlRig/Content/Controls/ControlRig_Sphere_3mm.uasset" 594
"../../../Engine/Plugins/Animation/ControlRig/Content/Controls/ControlRig_Sphere_3mm.uexp" 595
"../../../Engine/Plugins/Animation/ControlRig/Content/Controls/ControlRig_Sphere_1mm.ubulk" 596
"../../../Engine/Plugins/Animation/ControlRig/Content/Controls/ControlRig_Sphere_1mm.uasset" 597
"../../../Engine/Plugins/Animation/ControlRig/Content/Controls/ControlRig_Sphere_1mm.uexp" 598
"../../../Engine/Plugins/Animation/ControlRig/Content/Controls/ControlRig_RoundedTriangle_solid.ubulk" 599
"../../../Engine/Plugins/Animation/ControlRig/Content/Controls/ControlRig_RoundedTriangle_solid.uasset" 600
"../../../Engine/Plugins/Animation/ControlRig/Content/Controls/ControlRig_RoundedTriangle_solid.uexp" 601
"../../../Engine/Plugins/Animation/ControlRig/Content/Controls/ControlRig_RoundedTriangle_3mm.ubulk" 602
"../../../Engine/Plugins/Animation/ControlRig/Content/Controls/ControlRig_RoundedTriangle_3mm.uasset" 603
"../../../Engine/Plugins/Animation/ControlRig/Content/Controls/ControlRig_RoundedTriangle_3mm.uexp" 604
"../../../Engine/Plugins/Animation/ControlRig/Content/Controls/ControlRig_RoundedTriangle_1mm.ubulk" 605
"../../../Engine/Plugins/Animation/ControlRig/Content/Controls/ControlRig_RoundedTriangle_1mm.uasset" 606
"../../../Engine/Plugins/Animation/ControlRig/Content/Controls/ControlRig_RoundedTriangle_1mm.uexp" 607
"../../../Engine/Plugins/Animation/ControlRig/Content/Controls/ControlRig_RoundedSquare_solid.ubulk" 608
"../../../Engine/Plugins/Animation/ControlRig/Content/Controls/ControlRig_RoundedSquare_solid.uasset" 609
"../../../Engine/Plugins/Animation/ControlRig/Content/Controls/ControlRig_RoundedSquare_solid.uexp" 610
"../../../Engine/Plugins/Animation/ControlRig/Content/Controls/ControlRig_RoundedSquare_3mm.ubulk" 611
"../../../Engine/Plugins/Animation/ControlRig/Content/Controls/ControlRig_RoundedSquare_3mm.uasset" 612
"../../../Engine/Plugins/Animation/ControlRig/Content/Controls/ControlRig_RoundedSquare_3mm.uexp" 613
"../../../Engine/Plugins/Animation/ControlRig/Content/Controls/ControlRig_RoundedSquare_1mm.ubulk" 614
"../../../Engine/Plugins/Animation/ControlRig/Content/Controls/ControlRig_RoundedSquare_1mm.uasset" 615
"../../../Engine/Plugins/Animation/ControlRig/Content/Controls/ControlRig_RoundedSquare_1mm.uexp" 616
"../../../Engine/Plugins/Animation/ControlRig/Content/Controls/ControlRig_QuarterCircle_solid.ubulk" 617
"../../../Engine/Plugins/Animation/ControlRig/Content/Controls/ControlRig_QuarterCircle_solid.uasset" 618
"../../../Engine/Plugins/Animation/ControlRig/Content/Controls/ControlRig_QuarterCircle_solid.uexp" 619
"../../../Engine/Plugins/Animation/ControlRig/Content/Controls/ControlRig_QuarterCircle_3mm.ubulk" 620
"../../../Engine/Plugins/Animation/ControlRig/Content/Controls/ControlRig_QuarterCircle_3mm.uasset" 621
"../../../Engine/Plugins/Animation/ControlRig/Content/Controls/ControlRig_QuarterCircle_3mm.uexp" 622
"../../../Engine/Plugins/Animation/ControlRig/Content/Controls/ControlRig_QuarterCircle_1mm.ubulk" 623
"../../../Engine/Plugins/Animation/ControlRig/Content/Controls/ControlRig_QuarterCircle_1mm.uasset" 624
"../../../Engine/Plugins/Animation/ControlRig/Content/Controls/ControlRig_QuarterCircle_1mm.uexp" 625
"../../../Engine/Plugins/Animation/ControlRig/Content/Controls/ControlRig_Pyramid_solid.ubulk" 626
"../../../Engine/Plugins/Animation/ControlRig/Content/Controls/ControlRig_Pyramid_solid.uasset" 627
"../../../Engine/Plugins/Animation/ControlRig/Content/Controls/ControlRig_Pyramid_solid.uexp" 628
"../../../Engine/Plugins/Animation/ControlRig/Content/Controls/ControlRig_Pyramid_3mm.ubulk" 629
"../../../Engine/Plugins/Animation/ControlRig/Content/Controls/ControlRig_Pyramid_3mm.uasset" 630
"../../../Engine/Plugins/Animation/ControlRig/Content/Controls/ControlRig_Pyramid_3mm.uexp" 631
"../../../Engine/Plugins/Animation/ControlRig/Content/Controls/ControlRig_Pyramid_1mm.ubulk" 632
"../../../Engine/Plugins/Animation/ControlRig/Content/Controls/ControlRig_Pyramid_1mm.uasset" 633
"../../../Engine/Plugins/Animation/ControlRig/Content/Controls/ControlRig_Pyramid_1mm.uexp" 634
"../../../Engine/Plugins/Animation/ControlRig/Content/Controls/ControlRig_Octagon_solid.ubulk" 635
"../../../Engine/Plugins/Animation/ControlRig/Content/Controls/ControlRig_Octagon_solid.uasset" 636
"../../../Engine/Plugins/Animation/ControlRig/Content/Controls/ControlRig_Octagon_solid.uexp" 637
"../../../Engine/Plugins/Animation/ControlRig/Content/Controls/ControlRig_Octagon_3mm.ubulk" 638
"../../../Engine/Plugins/Animation/ControlRig/Content/Controls/ControlRig_Octagon_3mm.uasset" 639
"../../../Engine/Plugins/Animation/ControlRig/Content/Controls/ControlRig_Octagon_3mm.uexp" 640
"../../../Engine/Plugins/Animation/ControlRig/Content/Controls/ControlRig_Octagon_1mm.ubulk" 641
"../../../Engine/Plugins/Animation/ControlRig/Content/Controls/ControlRig_Octagon_1mm.uasset" 642
"../../../Engine/Plugins/Animation/ControlRig/Content/Controls/ControlRig_Octagon_1mm.uexp" 643
"../../../Engine/Plugins/Animation/ControlRig/Content/Controls/ControlRig_Hexagon_solid.ubulk" 644
"../../../Engine/Plugins/Animation/ControlRig/Content/Controls/ControlRig_Hexagon_solid.uasset" 645
"../../../Engine/Plugins/Animation/ControlRig/Content/Controls/ControlRig_Hexagon_solid.uexp" 646
"../../../Engine/Plugins/Animation/ControlRig/Content/Controls/ControlRig_Hexagon_3mm.ubulk" 647
"../../../Engine/Plugins/Animation/ControlRig/Content/Controls/ControlRig_Hexagon_3mm.uasset" 648
"../../../Engine/Plugins/Animation/ControlRig/Content/Controls/ControlRig_Hexagon_3mm.uexp" 649
"../../../Engine/Plugins/Animation/ControlRig/Content/Controls/ControlRig_Hexagon_1mm.ubulk" 650
"../../../Engine/Plugins/Animation/ControlRig/Content/Controls/ControlRig_Hexagon_1mm.uasset" 651
"../../../Engine/Plugins/Animation/ControlRig/Content/Controls/ControlRig_Hexagon_1mm.uexp" 652
"../../../Engine/Plugins/Animation/ControlRig/Content/Controls/ControlRig_HalfCircle_solid.ubulk" 653
"../../../Engine/Plugins/Animation/ControlRig/Content/Controls/ControlRig_HalfCircle_solid.uasset" 654
"../../../Engine/Plugins/Animation/ControlRig/Content/Controls/ControlRig_HalfCircle_solid.uexp" 655
"../../../Engine/Plugins/Animation/ControlRig/Content/Controls/ControlRig_HalfCircle_3mm.ubulk" 656
"../../../Engine/Plugins/Animation/ControlRig/Content/Controls/ControlRig_HalfCircle_3mm.uasset" 657
"../../../Engine/Plugins/Animation/ControlRig/Content/Controls/ControlRig_HalfCircle_3mm.uexp" 658
"../../../Engine/Plugins/Animation/ControlRig/Content/Controls/ControlRig_HalfCircle_1mm.ubulk" 659
"../../../Engine/Plugins/Animation/ControlRig/Content/Controls/ControlRig_HalfCircle_1mm.uasset" 660
"../../../Engine/Plugins/Animation/ControlRig/Content/Controls/ControlRig_HalfCircle_1mm.uexp" 661
"../../../Engine/Plugins/Animation/ControlRig/Content/Controls/ControlRig_Diamond_solid.ubulk" 662
"../../../Engine/Plugins/Animation/ControlRig/Content/Controls/ControlRig_Diamond_solid.uasset" 663
"../../../Engine/Plugins/Animation/ControlRig/Content/Controls/ControlRig_Diamond_solid.uexp" 664
"../../../Engine/Plugins/Animation/ControlRig/Content/Controls/ControlRig_Diamond_3mm.ubulk" 665
"../../../Engine/Plugins/Animation/ControlRig/Content/Controls/ControlRig_Diamond_3mm.uasset" 666
"../../../Engine/Plugins/Animation/ControlRig/Content/Controls/ControlRig_Diamond_3mm.uexp" 667
"../../../Engine/Plugins/Animation/ControlRig/Content/Controls/ControlRig_Diamond_1mm.ubulk" 668
"../../../Engine/Plugins/Animation/ControlRig/Content/Controls/ControlRig_Diamond_1mm.uasset" 669
"../../../Engine/Plugins/Animation/ControlRig/Content/Controls/ControlRig_Diamond_1mm.uexp" 670
"../../../Engine/Plugins/Animation/ControlRig/Content/Controls/ControlRig_Circle_solid.ubulk" 671
"../../../Engine/Plugins/Animation/ControlRig/Content/Controls/ControlRig_Circle_solid.uasset" 672
"../../../Engine/Plugins/Animation/ControlRig/Content/Controls/ControlRig_Circle_solid.uexp" 673
"../../../Engine/Plugins/Animation/ControlRig/Content/Controls/ControlRig_Circle_3mm.ubulk" 674
"../../../Engine/Plugins/Animation/ControlRig/Content/Controls/ControlRig_Circle_3mm.uasset" 675
"../../../Engine/Plugins/Animation/ControlRig/Content/Controls/ControlRig_Circle_3mm.uexp" 676
"../../../Engine/Plugins/Animation/ControlRig/Content/Controls/ControlRig_Circle_1mm.ubulk" 677
"../../../Engine/Plugins/Animation/ControlRig/Content/Controls/ControlRig_Circle_1mm.uasset" 678
"../../../Engine/Plugins/Animation/ControlRig/Content/Controls/ControlRig_Circle_1mm.uexp" 679
"../../../Engine/Plugins/Animation/ControlRig/Content/Controls/ControlRig_Box_solid.ubulk" 680
"../../../Engine/Plugins/Animation/ControlRig/Content/Controls/ControlRig_Box_solid.uasset" 681
"../../../Engine/Plugins/Animation/ControlRig/Content/Controls/ControlRig_Box_solid.uexp" 682
"../../../Engine/Plugins/Animation/ControlRig/Content/Controls/ControlRig_Box_3mm.ubulk" 683
"../../../Engine/Plugins/Animation/ControlRig/Content/Controls/ControlRig_Box_3mm.uasset" 684
"../../../Engine/Plugins/Animation/ControlRig/Content/Controls/ControlRig_Box_3mm.uexp" 685
"../../../Engine/Plugins/Animation/ControlRig/Content/Controls/ControlRig_Box_1mm.ubulk" 686
"../../../Engine/Plugins/Animation/ControlRig/Content/Controls/ControlRig_Box_1mm.uasset" 687
"../../../Engine/Plugins/Animation/ControlRig/Content/Controls/ControlRig_Box_1mm.uexp" 688
"../../../Engine/Plugins/Animation/ControlRig/Content/Controls/ControlRig_Arrow_solid.ubulk" 689
"../../../Engine/Plugins/Animation/ControlRig/Content/Controls/ControlRig_Arrow_solid.uasset" 690
"../../../Engine/Plugins/Animation/ControlRig/Content/Controls/ControlRig_Arrow_solid.uexp" 691
"../../../Engine/Plugins/Animation/ControlRig/Content/Controls/ControlRig_Arrow_3mm.ubulk" 692
"../../../Engine/Plugins/Animation/ControlRig/Content/Controls/ControlRig_Arrow_3mm.uasset" 693
"../../../Engine/Plugins/Animation/ControlRig/Content/Controls/ControlRig_Arrow_3mm.uexp" 694
"../../../Engine/Plugins/Animation/ControlRig/Content/Controls/ControlRig_Arrow_1mm.ubulk" 695
"../../../Engine/Plugins/Animation/ControlRig/Content/Controls/ControlRig_Arrow_1mm.uasset" 696
"../../../Engine/Plugins/Animation/ControlRig/Content/Controls/ControlRig_Arrow_1mm.uexp" 697
"../../../Engine/Plugins/Animation/ControlRig/Content/Controls/ControlRig_Arrow4_solid.ubulk" 698
"../../../Engine/Plugins/Animation/ControlRig/Content/Controls/ControlRig_Arrow4_solid.uasset" 699
"../../../Engine/Plugins/Animation/ControlRig/Content/Controls/ControlRig_Arrow4_solid.uexp" 700
"../../../Engine/Plugins/Animation/ControlRig/Content/Controls/ControlRig_Arrow4_3mm.ubulk" 701
"../../../Engine/Plugins/Animation/ControlRig/Content/Controls/ControlRig_Arrow4_3mm.uasset" 702
"../../../Engine/Plugins/Animation/ControlRig/Content/Controls/ControlRig_Arrow4_3mm.uexp" 703
"../../../Engine/Plugins/Animation/ControlRig/Content/Controls/ControlRig_Arrow4_1mm.ubulk" 704
"../../../Engine/Plugins/Animation/ControlRig/Content/Controls/ControlRig_Arrow4_1mm.uasset" 705
"../../../Engine/Plugins/Animation/ControlRig/Content/Controls/ControlRig_Arrow4_1mm.uexp" 706
"../../../Engine/Plugins/Animation/ControlRig/Content/Controls/ControlRig_Arrow2_solid.ubulk" 707
"../../../Engine/Plugins/Animation/ControlRig/Content/Controls/ControlRig_Arrow2_solid.uasset" 708
"../../../Engine/Plugins/Animation/ControlRig/Content/Controls/ControlRig_Arrow2_solid.uexp" 709
"../../../Engine/Plugins/Animation/ControlRig/Content/Controls/ControlRig_Arrow2_3mm.ubulk" 710
"../../../Engine/Plugins/Animation/ControlRig/Content/Controls/ControlRig_Arrow2_3mm.uasset" 711
"../../../Engine/Plugins/Animation/ControlRig/Content/Controls/ControlRig_Arrow2_3mm.uexp" 712
"../../../Engine/Plugins/Animation/ControlRig/Content/Controls/ControlRig_Arrow2_1mm.ubulk" 713
"../../../Engine/Plugins/Animation/ControlRig/Content/Controls/ControlRig_Arrow2_1mm.uasset" 714
"../../../Engine/Plugins/Animation/ControlRig/Content/Controls/ControlRig_Arrow2_1mm.uexp" 715
"../../../Engine/Plugins/Animation/ControlRig/Content/Controls/ControlRigGizmoMaterial.uasset" 716
"../../../Engine/Plugins/Animation/ControlRig/Content/Controls/ControlRigGizmoMaterial.uexp" 717
"D:/UE_Proj/AtomDrop_Proto/Content/VRTemplate/Textures/T_Grid.ubulk" 718
"D:/UE_Proj/AtomDrop_Proto/Content/VRTemplate/Textures/T_Grid.uasset" 719
"D:/UE_Proj/AtomDrop_Proto/Content/VRTemplate/Textures/T_Grid.uexp" 720
"../../../Engine/Content/Functions/Engine_MaterialFunctions02/Utility/AppendMany.uasset" 721
"../../../Engine/Content/Functions/Engine_MaterialFunctions02/Utility/AppendMany.uexp" 722
"../../../Engine/Content/Functions/Engine_MaterialFunctions01/Texturing/WorldAlignedTexture.uasset" 723
"../../../Engine/Content/Functions/Engine_MaterialFunctions01/Texturing/WorldAlignedTexture.uexp" 724
"D:/UE_Proj/AtomDrop_Proto/Content/VRTemplate/Materials/M_GridRotation.uasset" 725
"D:/UE_Proj/AtomDrop_Proto/Content/VRTemplate/Materials/M_GridRotation.uexp" 726
"D:/UE_Proj/AtomDrop_Proto/Content/VRTemplate/Materials/MI_Grid_Accent.uasset" 727
"D:/UE_Proj/AtomDrop_Proto/Content/VRTemplate/Materials/MI_Grid_Accent.uexp" 728
"D:/UE_Proj/AtomDrop_Proto/Content/VRTemplate/Blueprints/VRInteractionBPI.uasset" 729
"D:/UE_Proj/AtomDrop_Proto/Content/VRTemplate/Blueprints/VRInteractionBPI.uexp" 730
"D:/UE_Proj/AtomDrop_Proto/Content/VRTemplate/Haptics/GrabHapticEffect.uasset" 731
"D:/UE_Proj/AtomDrop_Proto/Content/VRTemplate/Haptics/GrabHapticEffect.uexp" 732
"D:/UE_Proj/AtomDrop_Proto/Content/VRTemplate/Blueprints/GrabType.uasset" 733
"D:/UE_Proj/AtomDrop_Proto/Content/VRTemplate/Blueprints/GrabType.uexp" 734
"D:/UE_Proj/AtomDrop_Proto/Content/VRTemplate/Blueprints/GrabComponent.uasset" 735
"D:/UE_Proj/AtomDrop_Proto/Content/VRTemplate/Blueprints/GrabComponent.uexp" 736
"../../../Engine/Content/EngineSky/C_Sky_Horizon_Color.uasset" 737
"../../../Engine/Content/EngineSky/C_Sky_Horizon_Color.uexp" 738
"../../../Engine/Content/EngineSky/T_Sky_Stars.ubulk" 739
"../../../Engine/Content/EngineSky/T_Sky_Stars.uasset" 740
"../../../Engine/Content/EngineSky/T_Sky_Stars.uexp" 741
"../../../Engine/Content/EngineSky/T_Sky_Clouds_M.ubulk" 742
"../../../Engine/Content/EngineSky/T_Sky_Clouds_M.uasset" 743
"../../../Engine/Content/EngineSky/T_Sky_Clouds_M.uexp" 744
"../../../Engine/Content/EngineSky/T_Sky_Blue.ubulk" 745
"../../../Engine/Content/EngineSky/T_Sky_Blue.uasset" 746
"../../../Engine/Content/EngineSky/T_Sky_Blue.uexp" 747
"../../../Engine/Content/EngineSky/M_Sky_Panning_Clouds2.uasset" 748
"../../../Engine/Content/EngineSky/M_Sky_Panning_Clouds2.uexp" 749
"../../../Engine/Content/EngineSky/SM_SkySphere.ubulk" 750
"../../../Engine/Content/EngineSky/SM_SkySphere.uasset" 751
"../../../Engine/Content/EngineSky/SM_SkySphere.uexp" 752
"../../../Engine/Content/EngineSky/C_Sky_Cloud_Color.uasset" 753
"../../../Engine/Content/EngineSky/C_Sky_Cloud_Color.uexp" 754
"../../../Engine/Content/EngineSky/C_Sky_Zenith_Color.uasset" 755
"../../../Engine/Content/EngineSky/C_Sky_Zenith_Color.uexp" 756
"../../../Engine/Content/EditorBlueprintResources/StandardMacros.uasset" 757
"../../../Engine/Content/EditorBlueprintResources/StandardMacros.uexp" 758
"../../../Engine/Content/EngineSky/BP_Sky_Sphere.uasset" 759
"../../../Engine/Content/EngineSky/BP_Sky_Sphere.uexp" 760
"D:/UE_Proj/AtomDrop_Proto/Content/VRTemplate/Materials/MI_Grid_Default.uasset" 761
"D:/UE_Proj/AtomDrop_Proto/Content/VRTemplate/Materials/MI_Grid_Default.uexp" 762
"../../../Engine/Content/VREditor/BasicMeshes/T_CleanFloorGrunge_01_D.ubulk" 763
"../../../Engine/Content/VREditor/BasicMeshes/T_CleanFloorGrunge_01_D.uasset" 764
"../../../Engine/Content/VREditor/BasicMeshes/T_CleanFloorGrunge_01_D.uexp" 765
"../../../Engine/Content/VREditor/BasicMeshes/M_Floor_01.uasset" 766
"../../../Engine/Content/VREditor/BasicMeshes/M_Floor_01.uexp" 767
"../../../Engine/Content/VREditor/BasicMeshes/MI_Cube_01.uasset" 768
"../../../Engine/Content/VREditor/BasicMeshes/MI_Cube_01.uexp" 769
"../../../Engine/Content/VREditor/BasicMeshes/SM_Cube_01.ubulk" 770
"../../../Engine/Content/VREditor/BasicMeshes/SM_Cube_01.uasset" 771
"../../../Engine/Content/VREditor/BasicMeshes/SM_Cube_01.uexp" 772
"D:/UE_Proj/AtomDrop_Proto/Content/VRTemplate/Blueprints/Grabbable_SmallCube.uasset" 773
"D:/UE_Proj/AtomDrop_Proto/Content/VRTemplate/Blueprints/Grabbable_SmallCube.uexp" 774
"D:/UE_Proj/AtomDrop_Proto/Content/LevelPrototyping/Meshes/SM_Cube.ubulk" 775
"D:/UE_Proj/AtomDrop_Proto/Content/LevelPrototyping/Meshes/SM_Cube.uasset" 776
"D:/UE_Proj/AtomDrop_Proto/Content/LevelPrototyping/Meshes/SM_Cube.uexp" 777
"D:/UE_Proj/AtomDrop_Proto/Content/LevelPrototyping/Materials/M_Solid.uasset" 778
"D:/UE_Proj/AtomDrop_Proto/Content/LevelPrototyping/Materials/M_Solid.uexp" 779
"D:/UE_Proj/AtomDrop_Proto/Content/LevelPrototyping/Materials/MI_Solid_Blue.uasset" 780
"D:/UE_Proj/AtomDrop_Proto/Content/LevelPrototyping/Materials/MI_Solid_Blue.uexp" 781
"D:/UE_Proj/AtomDrop_Proto/Content/LevelPrototyping/Meshes/SM_ChamferCube.ubulk" 782
"D:/UE_Proj/AtomDrop_Proto/Content/LevelPrototyping/Meshes/SM_ChamferCube.uasset" 783
"D:/UE_Proj/AtomDrop_Proto/Content/LevelPrototyping/Meshes/SM_ChamferCube.uexp" 784
"../../../Engine/Plugins/Runtime/OpenXR/Content/Devices/OculusTouch_v2/BaseTexture.ubulk" 785
"../../../Engine/Plugins/Runtime/OpenXR/Content/Devices/OculusTouch_v2/BaseTexture.uasset" 786
"../../../Engine/Plugins/Runtime/OpenXR/Content/Devices/OculusTouch_v2/BaseTexture.uexp" 787
"../../../Engine/Plugins/Runtime/OpenXR/Content/Devices/OculusTouch_v2/MRTexture.ubulk" 788
"../../../Engine/Plugins/Runtime/OpenXR/Content/Devices/OculusTouch_v2/MRTexture.uasset" 789
"../../../Engine/Plugins/Runtime/OpenXR/Content/Devices/OculusTouch_v2/MRTexture.uexp" 790
"../../../Engine/Plugins/Runtime/OpenXR/Content/Devices/OculusTouch_v2/MI_OculusTouch_v2.uasset" 791
"../../../Engine/Plugins/Runtime/OpenXR/Content/Devices/OculusTouch_v2/MI_OculusTouch_v2.uexp" 792
"../../../Engine/Plugins/Runtime/OpenXR/Content/Devices/OculusTouch_v2/Right/right_OculusTouch_v2Controller.ubulk" 793
"../../../Engine/Plugins/Runtime/OpenXR/Content/Devices/OculusTouch_v2/Right/right_OculusTouch_v2Controller.uasset" 794
"../../../Engine/Plugins/Runtime/OpenXR/Content/Devices/OculusTouch_v2/Right/right_OculusTouch_v2Controller.uexp" 795
"../../../Engine/Plugins/Runtime/OpenXR/Content/Devices/OculusTouch_v2/Left/left_OculusTouch_v2Controller.ubulk" 796
"../../../Engine/Plugins/Runtime/OpenXR/Content/Devices/OculusTouch_v2/Left/left_OculusTouch_v2Controller.uasset" 797
"../../../Engine/Plugins/Runtime/OpenXR/Content/Devices/OculusTouch_v2/Left/left_OculusTouch_v2Controller.uexp" 798
"../../../Engine/Plugins/FX/Niagara/Content/Enums/ENiagara_MassInitializationMode.uasset" 799
"../../../Engine/Plugins/FX/Niagara/Content/Enums/ENiagara_MassInitializationMode.uexp" 800
"../../../Engine/Plugins/FX/Niagara/Content/Enums/ENiagaraRandomnessMode.uasset" 801
"../../../Engine/Plugins/FX/Niagara/Content/Enums/ENiagaraRandomnessMode.uexp" 802
"../../../Engine/Plugins/FX/Niagara/Content/Enums/ENiagaraRandomnessEvaluation.uasset" 803
"../../../Engine/Plugins/FX/Niagara/Content/Enums/ENiagaraRandomnessEvaluation.uexp" 804
"../../../Engine/Plugins/FX/Niagara/Content/Functions/V2/CalculateRandomRangeInteger.uasset" 805
"../../../Engine/Plugins/FX/Niagara/Content/Functions/V2/CalculateRandomRangeInteger.uexp" 806
"../../../Engine/Plugins/FX/Niagara/Content/Enums/ENiagaraArraySamplingMode.uasset" 807
"../../../Engine/Plugins/FX/Niagara/Content/Enums/ENiagaraArraySamplingMode.uexp" 808
"../../../Engine/Plugins/FX/Niagara/Content/Enums/ENiagara_WrapClamp.uasset" 809
"../../../Engine/Plugins/FX/Niagara/Content/Enums/ENiagara_WrapClamp.uexp" 810
"../../../Engine/Plugins/FX/Niagara/Content/DynamicInputs/Arrays/SelectVectorFromArray.uasset" 811
"../../../Engine/Plugins/FX/Niagara/Content/DynamicInputs/Arrays/SelectVectorFromArray.uexp" 812
"../../../Engine/Plugins/FX/Niagara/Content/Enums/ENiagara_PositionInitializationMode.uasset" 813
"../../../Engine/Plugins/FX/Niagara/Content/Enums/ENiagara_PositionInitializationMode.uexp" 814
"../../../Engine/Plugins/FX/Niagara/Content/DynamicInputs/Multiply/Multiply_VectorByFloat.uasset" 815
"../../../Engine/Plugins/FX/Niagara/Content/DynamicInputs/Multiply/Multiply_VectorByFloat.uexp" 816
"../../../Engine/Plugins/FX/Niagara/Content/DynamicInputs/Execution/ReturnExecIndex.uasset" 817
"../../../Engine/Plugins/FX/Niagara/Content/DynamicInputs/Execution/ReturnExecIndex.uexp" 818
"../../../Engine/Plugins/FX/Niagara/Content/Functions/NormalizedExecutionIndex.uasset" 819
"../../../Engine/Plugins/FX/Niagara/Content/Functions/NormalizedExecutionIndex.uexp" 820
"../../../Engine/Plugins/FX/Niagara/Content/DynamicInputs/Execution/ReturnNormalizedExecIndex.uasset" 821
"../../../Engine/Plugins/FX/Niagara/Content/DynamicInputs/Execution/ReturnNormalizedExecIndex.uexp" 822
"../../../Engine/Plugins/FX/Niagara/Content/Enums/ENiagara_LifetimeMode.uasset" 823
"../../../Engine/Plugins/FX/Niagara/Content/Enums/ENiagara_LifetimeMode.uexp" 824
"../../../Engine/Plugins/FX/Niagara/Content/Enums/ENiagaraEmitterLifeCycleMode.uasset" 825
"../../../Engine/Plugins/FX/Niagara/Content/Enums/ENiagaraEmitterLifeCycleMode.uexp" 826
"../../../Engine/Plugins/FX/Niagara/Content/Functions/Emitter/EmitterChangeState.uasset" 827
"../../../Engine/Plugins/FX/Niagara/Content/Functions/Emitter/EmitterChangeState.uexp" 828
"../../../Engine/Plugins/FX/Niagara/Content/Enums/ENiagara_InfiniteLoopDuration.uasset" 829
"../../../Engine/Plugins/FX/Niagara/Content/Enums/ENiagara_InfiniteLoopDuration.uexp" 830
"../../../Engine/Plugins/FX/Niagara/Content/Enums/ENiagara_EmitterStateOptions.uasset" 831
"../../../Engine/Plugins/FX/Niagara/Content/Enums/ENiagara_EmitterStateOptions.uexp" 832
"../../../Engine/Plugins/FX/Niagara/Content/Enums/ENiagaraInactiveMode.uasset" 833
"../../../Engine/Plugins/FX/Niagara/Content/Enums/ENiagaraInactiveMode.uexp" 834
"../../../Engine/Plugins/FX/Niagara/Content/Enums/ENiagaraExecutionStateManagement.uasset" 835
"../../../Engine/Plugins/FX/Niagara/Content/Enums/ENiagaraExecutionStateManagement.uexp" 836
"../../../Engine/Plugins/FX/Niagara/Content/Enums/ENiagaraEmitterScalabilityMode_Limited.uasset" 837
"../../../Engine/Plugins/FX/Niagara/Content/Enums/ENiagaraEmitterScalabilityMode_Limited.uexp" 838
"../../../Engine/Plugins/FX/Niagara/Content/Modules/Emitter/EmitterState.uasset" 839
"../../../Engine/Plugins/FX/Niagara/Content/Modules/Emitter/EmitterState.uexp" 840
"../../../Engine/Plugins/FX/Niagara/Content/Functions/V2/CalculateRandomRangeFloat.uasset" 841
"../../../Engine/Plugins/FX/Niagara/Content/Functions/V2/CalculateRandomRangeFloat.uexp" 842
"../../../Engine/Plugins/FX/Niagara/Content/Modules/Emitter/SpawnBurst_Instantaneous.uasset" 843
"../../../Engine/Plugins/FX/Niagara/Content/Modules/Emitter/SpawnBurst_Instantaneous.uexp" 844
"../../../Engine/Plugins/FX/Niagara/Content/DynamicInputs/Multiply/Multiply_Vector.uasset" 845
"../../../Engine/Plugins/FX/Niagara/Content/DynamicInputs/Multiply/Multiply_Vector.uexp" 846
"../../../Engine/Plugins/FX/Niagara/Content/Functions/GetRandomInfo.uasset" 847
"../../../Engine/Plugins/FX/Niagara/Content/Functions/GetRandomInfo.uexp" 848
"../../../Engine/Plugins/FX/Niagara/Content/Functions/RandomRangeFloat.uasset" 849
"../../../Engine/Plugins/FX/Niagara/Content/Functions/RandomRangeFloat.uexp" 850
"../../../Engine/Plugins/FX/Niagara/Content/Functions/Localspace/SimulationPosition.uasset" 851
"../../../Engine/Plugins/FX/Niagara/Content/Functions/Localspace/SimulationPosition.uexp" 852
"../../../Engine/Plugins/FX/Niagara/Content/Functions/Localspace/TransformBase.uasset" 853
"../../../Engine/Plugins/FX/Niagara/Content/Functions/Localspace/TransformBase.uexp" 854
"../../../Engine/Plugins/FX/Niagara/Content/Functions/Localspace/TransformVector.uasset" 855
"../../../Engine/Plugins/FX/Niagara/Content/Functions/Localspace/TransformVector.uexp" 856
"../../../Engine/Plugins/FX/Niagara/Content/Functions/V2/CalculateRandomRange.uasset" 857
"../../../Engine/Plugins/FX/Niagara/Content/Functions/V2/CalculateRandomRange.uexp" 858
"../../../Engine/Plugins/FX/Niagara/Content/Enums/Ribbons/ENiagara_UnsetDirectSet.uasset" 859
"../../../Engine/Plugins/FX/Niagara/Content/Enums/Ribbons/ENiagara_UnsetDirectSet.uexp" 860
"../../../Engine/Plugins/FX/Niagara/Content/Enums/ENiagara_ColorInitializationMode.uasset" 861
"../../../Engine/Plugins/FX/Niagara/Content/Enums/ENiagara_ColorInitializationMode.uexp" 862
"../../../Engine/Plugins/FX/Niagara/Content/Functions/LinearColor/HueShiftLinearColor.uasset" 863
"../../../Engine/Plugins/FX/Niagara/Content/Functions/LinearColor/HueShiftLinearColor.uexp" 864
"../../../Engine/Plugins/FX/Niagara/Content/Enums/ENiagaraChannelCorrelation.uasset" 865
"../../../Engine/Plugins/FX/Niagara/Content/Enums/ENiagaraChannelCorrelation.uexp" 866
"../../../Engine/Plugins/FX/Niagara/Content/Modules/Spawn/Initialization/InitializeRibbon.uasset" 867
"../../../Engine/Plugins/FX/Niagara/Content/Modules/Spawn/Initialization/InitializeRibbon.uexp" 868
"../../../Engine/Plugins/FX/Niagara/Content/Enums/ENiagaraSystemInactiveMode.uasset" 869
"../../../Engine/Plugins/FX/Niagara/Content/Enums/ENiagaraSystemInactiveMode.uexp" 870
"../../../Engine/Plugins/FX/Niagara/Content/Functions/System/SystemChangeState.uasset" 871
"../../../Engine/Plugins/FX/Niagara/Content/Functions/System/SystemChangeState.uexp" 872
"../../../Engine/Plugins/FX/Niagara/Content/Modules/System/SystemState.uasset" 873
"../../../Engine/Plugins/FX/Niagara/Content/Modules/System/SystemState.uexp" 874
"D:/UE_Proj/AtomDrop_Proto/Content/VRTemplate/VFX/NPC_VRTemplate.uasset" 875
"D:/UE_Proj/AtomDrop_Proto/Content/VRTemplate/VFX/NPC_VRTemplate.uexp" 876
"../../../Engine/Content/EngineMaterials/Good64x64TilingNoiseHighFreq.uasset" 877
"../../../Engine/Content/EngineMaterials/Good64x64TilingNoiseHighFreq.uexp" 878
"../../../Engine/Content/Functions/Engine_MaterialFunctions02/Utility/DepthFromWorldPosition.uasset" 879
"../../../Engine/Content/Functions/Engine_MaterialFunctions02/Utility/DepthFromWorldPosition.uexp" 880
"D:/UE_Proj/AtomDrop_Proto/Content/VRTemplate/Materials/Functions/MF_OccludedPixels.uasset" 881
"D:/UE_Proj/AtomDrop_Proto/Content/VRTemplate/Materials/Functions/MF_OccludedPixels.uexp" 882
"D:/UE_Proj/AtomDrop_Proto/Content/VRTemplate/Materials/M_TeleportNoise.uasset" 883
"D:/UE_Proj/AtomDrop_Proto/Content/VRTemplate/Materials/M_TeleportNoise.uexp" 884
"../../../Engine/Plugins/FX/Niagara/Content/Functions/Math/SaturateFloat.uasset" 885
"../../../Engine/Plugins/FX/Niagara/Content/Functions/Math/SaturateFloat.uexp" 886
"../../../Engine/Plugins/FX/Niagara/Content/Icons/Modules/T_Icon_Particle_InfiniteLife.uasset" 887
"../../../Engine/Plugins/FX/Niagara/Content/Icons/Modules/T_Icon_Particle_InfiniteLife.uexp" 888
"../../../Engine/Plugins/FX/Niagara/Content/Modules/Update/Lifetime/ParticleState.uasset" 889
"../../../Engine/Plugins/FX/Niagara/Content/Modules/Update/Lifetime/ParticleState.uexp" 890
"D:/UE_Proj/AtomDrop_Proto/Content/VRTemplate/VFX/NS_PlayAreaBounds.uasset" 891
"D:/UE_Proj/AtomDrop_Proto/Content/VRTemplate/VFX/NS_PlayAreaBounds.uexp" 892
"../../../Engine/Plugins/FX/Niagara/Content/Enums/ENiagaraTorusDistributionMode.uasset" 893
"../../../Engine/Plugins/FX/Niagara/Content/Enums/ENiagaraTorusDistributionMode.uexp" 894
"../../../Engine/Plugins/FX/Niagara/Content/Enums/ENiagaraTorusMode.uasset" 895
"../../../Engine/Plugins/FX/Niagara/Content/Enums/ENiagaraTorusMode.uexp" 896
"../../../Engine/Plugins/FX/Niagara/Content/Enums/ENiagara_SizeScaleMode.uasset" 897
"../../../Engine/Plugins/FX/Niagara/Content/Enums/ENiagara_SizeScaleMode.uexp" 898
"../../../Engine/Plugins/FX/Niagara/Content/Enums/ENiagara_UVFlippingMode.uasset" 899
"../../../Engine/Plugins/FX/Niagara/Content/Enums/ENiagara_UVFlippingMode.uexp" 900
"../../../Engine/Plugins/FX/Niagara/Content/Enums/Ribbons/ENiagara_UnsetDirectSetRandom.uasset" 901
"../../../Engine/Plugins/FX/Niagara/Content/Enums/Ribbons/ENiagara_UnsetDirectSetRandom.uexp" 902
"../../../Engine/Plugins/FX/Niagara/Content/Functions/V2/CalculateRandomBool.uasset" 903
"../../../Engine/Plugins/FX/Niagara/Content/Functions/V2/CalculateRandomBool.uexp" 904
"../../../Engine/Plugins/FX/Niagara/Content/Enums/ENiagara_SpriteRotationMode.uasset" 905
"../../../Engine/Plugins/FX/Niagara/Content/Enums/ENiagara_SpriteRotationMode.uexp" 906
"../../../Engine/Plugins/FX/Niagara/Content/Modules/Spawn/Initialization/V2/InitializeParticle.uasset" 907
"../../../Engine/Plugins/FX/Niagara/Content/Modules/Spawn/Initialization/V2/InitializeParticle.uexp" 908
"D:/UE_Proj/AtomDrop_Proto/Content/VRTemplate/Materials/M_TeleportCylinder.uasset" 909
"D:/UE_Proj/AtomDrop_Proto/Content/VRTemplate/Materials/M_TeleportCylinder.uexp" 910
"../../../Engine/Content/BasicShapes/Cylinder.ubulk" 911
"../../../Engine/Content/BasicShapes/Cylinder.uasset" 912
"../../../Engine/Content/BasicShapes/Cylinder.uexp" 913
"../../../Engine/Plugins/FX/Niagara/Content/Functions/DirectionAndLengthSafe.uasset" 914
"../../../Engine/Plugins/FX/Niagara/Content/Functions/DirectionAndLengthSafe.uexp" 915
"../../../Engine/Plugins/FX/Niagara/Content/Functions/Rotation/MultiplyVectorWithQuaternion.uasset" 916
"../../../Engine/Plugins/FX/Niagara/Content/Functions/Rotation/MultiplyVectorWithQuaternion.uexp" 917
"../../../Engine/Plugins/FX/Niagara/Content/Functions/Rotation/MultiplyQuaternion.uasset" 918
"../../../Engine/Plugins/FX/Niagara/Content/Functions/Rotation/MultiplyQuaternion.uexp" 919
"../../../Engine/Plugins/FX/Niagara/Content/Functions/Rotation/FindQuatBetween.uasset" 920
"../../../Engine/Plugins/FX/Niagara/Content/Functions/Rotation/FindQuatBetween.uexp" 921
"../../../Engine/Plugins/FX/Niagara/Content/Functions/RandomRange.uasset" 922
"../../../Engine/Plugins/FX/Niagara/Content/Functions/RandomRange.uexp" 923
"../../../Engine/Plugins/FX/Niagara/Content/Enums/ENiagaraVector4_Channels.uasset" 924
"../../../Engine/Plugins/FX/Niagara/Content/Enums/ENiagaraVector4_Channels.uexp" 925
"../../../Engine/Plugins/FX/Niagara/Content/Functions/ChannelMasks/SelectV4Channel.uasset" 926
"../../../Engine/Plugins/FX/Niagara/Content/Functions/ChannelMasks/SelectV4Channel.uexp" 927
"../../../Engine/Plugins/FX/Niagara/Content/Functions/Localspace/PositionToVector.uasset" 928
"../../../Engine/Plugins/FX/Niagara/Content/Functions/Localspace/PositionToVector.uexp" 929
"../../../Engine/Plugins/FX/Niagara/Content/Functions/ParametricTorusKnot.uasset" 930
"../../../Engine/Plugins/FX/Niagara/Content/Functions/ParametricTorusKnot.uexp" 931
"../../../Engine/Plugins/FX/Niagara/Content/Functions/PolarToCartesianCoordinates.uasset" 932
"../../../Engine/Plugins/FX/Niagara/Content/Functions/PolarToCartesianCoordinates.uexp" 933
"../../../Engine/Plugins/FX/Niagara/Content/Functions/ParametricTorus.uasset" 934
"../../../Engine/Plugins/FX/Niagara/Content/Functions/ParametricTorus.uexp" 935
"../../../Engine/Plugins/FX/Niagara/Content/Functions/Rotation/AxisAngleToQuaternion.uasset" 936
"../../../Engine/Plugins/FX/Niagara/Content/Functions/Rotation/AxisAngleToQuaternion.uexp" 937
"../../../Engine/Plugins/FX/Niagara/Content/Modules/Spawn/Location/TorusLocation.uasset" 938
"../../../Engine/Plugins/FX/Niagara/Content/Modules/Spawn/Location/TorusLocation.uexp" 939
"D:/UE_Proj/AtomDrop_Proto/Content/VRTemplate/VFX/NS_TeleportRing.uasset" 940
"D:/UE_Proj/AtomDrop_Proto/Content/VRTemplate/VFX/NS_TeleportRing.uexp" 941
"D:/UE_Proj/AtomDrop_Proto/Content/VRTemplate/Blueprints/VRTeleportVisualizer.uasset" 942
"D:/UE_Proj/AtomDrop_Proto/Content/VRTemplate/Blueprints/VRTeleportVisualizer.uexp" 943
"../../../Engine/Plugins/FX/Niagara/Content/DynamicInputs/Helpers/SimulationPosition.uasset" 944
"../../../Engine/Plugins/FX/Niagara/Content/DynamicInputs/Helpers/SimulationPosition.uexp" 945
"../../../Engine/Plugins/FX/Niagara/Content/Functions/Localspace/TransformPosition.uasset" 946
"../../../Engine/Plugins/FX/Niagara/Content/Functions/Localspace/TransformPosition.uexp" 947
"../../../Engine/Plugins/FX/Niagara/Content/Modules/Beams/BeamEmitterSetup.uasset" 948
"../../../Engine/Plugins/FX/Niagara/Content/Modules/Beams/BeamEmitterSetup.uexp" 949
"../../../Engine/Plugins/FX/Niagara/Content/Modules/Spawn/Initialization/InitializeParticle.uasset" 950
"../../../Engine/Plugins/FX/Niagara/Content/Modules/Spawn/Initialization/InitializeParticle.uexp" 951
"../../../Engine/Plugins/FX/Niagara/Content/Icons/Modules/T_Icon_Solver_LimitSpeed.uasset" 952
"../../../Engine/Plugins/FX/Niagara/Content/Icons/Modules/T_Icon_Solver_LimitSpeed.uexp" 953
"../../../Engine/Plugins/FX/Niagara/Content/Modules/Solvers/ApplyRotationVector.uasset" 954
"../../../Engine/Plugins/FX/Niagara/Content/Modules/Solvers/ApplyRotationVector.uexp" 955
"../../../Engine/Plugins/FX/Niagara/Content/Icons/Modules/T_Icon_Solver_RotationalSolve.uasset" 956
"../../../Engine/Plugins/FX/Niagara/Content/Icons/Modules/T_Icon_Solver_RotationalSolve.uexp" 957
"../../../Engine/Plugins/FX/Niagara/Content/Icons/Modules/T_Icon_Solver_LimitAccel.uasset" 958
"../../../Engine/Plugins/FX/Niagara/Content/Icons/Modules/T_Icon_Solver_LimitAccel.uexp" 959
"../../../Engine/Plugins/FX/Niagara/Content/Modules/Solvers/SolveForcesAndVelocity.uasset" 960
"../../../Engine/Plugins/FX/Niagara/Content/Modules/Solvers/SolveForcesAndVelocity.uexp" 961
"../../../Engine/Plugins/FX/Niagara/Content/Functions/Spline/FindPositionOnBezierSpline.uasset" 962
"../../../Engine/Plugins/FX/Niagara/Content/Functions/Spline/FindPositionOnBezierSpline.uexp" 963
"../../../Engine/Plugins/FX/Niagara/Content/Modules/Beams/SpawnBeam.uasset" 964
"../../../Engine/Plugins/FX/Niagara/Content/Modules/Beams/SpawnBeam.uexp" 965
"../../../Engine/Plugins/FX/Niagara/Content/Modules/Beams/BeamWidth.uasset" 966
"../../../Engine/Plugins/FX/Niagara/Content/Modules/Beams/BeamWidth.uexp" 967
"D:/UE_Proj/AtomDrop_Proto/Content/VRTemplate/Materials/DefaultRibbonMaterial_NoGradient.uasset" 968
"D:/UE_Proj/AtomDrop_Proto/Content/VRTemplate/Materials/DefaultRibbonMaterial_NoGradient.uexp" 969
"../../../Engine/Plugins/FX/Niagara/Content/DynamicInputs/ValueFromCurve/FloatFromCurve.uasset" 970
"../../../Engine/Plugins/FX/Niagara/Content/DynamicInputs/ValueFromCurve/FloatFromCurve.uexp" 971
"../../../Engine/Plugins/FX/Niagara/Content/Modules/Update/Color/Color.uasset" 972
"../../../Engine/Plugins/FX/Niagara/Content/Modules/Update/Color/Color.uexp" 973
"../../../Engine/Plugins/FX/Niagara/Content/DynamicInputs/ValueFromCurve/ColorFromCurve.uasset" 974
"../../../Engine/Plugins/FX/Niagara/Content/DynamicInputs/ValueFromCurve/ColorFromCurve.uexp" 975
"D:/UE_Proj/AtomDrop_Proto/Content/VRTemplate/VFX/NS_TeleportTrace.uasset" 976
"D:/UE_Proj/AtomDrop_Proto/Content/VRTemplate/VFX/NS_TeleportTrace.uexp" 977
"../../../Engine/Content/VREditor/Devices/Generic/GenericHMDMaterial.uasset" 978
"../../../Engine/Content/VREditor/Devices/Generic/GenericHMDMaterial.uexp" 979
"../../../Engine/Content/VREditor/Devices/Generic/GenericHMD.ubulk" 980
"../../../Engine/Content/VREditor/Devices/Generic/GenericHMD.uasset" 981
"../../../Engine/Content/VREditor/Devices/Generic/GenericHMD.uexp" 982
"D:/UE_Proj/AtomDrop_Proto/Content/VRTemplate/VFX/NS_MenuLaser.uasset" 983
"D:/UE_Proj/AtomDrop_Proto/Content/VRTemplate/VFX/NS_MenuLaser.uexp" 984
"D:/UE_Proj/AtomDrop_Proto/Content/VRTemplate/Blueprints/WidgetMenu.uasset" 985
"D:/UE_Proj/AtomDrop_Proto/Content/VRTemplate/Blueprints/WidgetMenu.uexp" 986
"../../../Engine/Content/BasicShapes/Sphere.ubulk" 987
"../../../Engine/Content/BasicShapes/Sphere.uasset" 988
"../../../Engine/Content/BasicShapes/Sphere.uexp" 989
"D:/UE_Proj/AtomDrop_Proto/Content/VRTemplate/Materials/M_VRCursor.uasset" 990
"D:/UE_Proj/AtomDrop_Proto/Content/VRTemplate/Materials/M_VRCursor.uexp" 991
"D:/UE_Proj/AtomDrop_Proto/Content/VRTemplate/Blueprints/Menu.uasset" 992
"D:/UE_Proj/AtomDrop_Proto/Content/VRTemplate/Blueprints/Menu.uexp" 993
"D:/UE_Proj/AtomDrop_Proto/Content/VRTemplate/Blueprints/VRPawn.uasset" 994
"D:/UE_Proj/AtomDrop_Proto/Content/VRTemplate/Blueprints/VRPawn.uexp" 995
"D:/UE_Proj/AtomDrop_Proto/Content/VRTemplate/Blueprints/VRGameMode.uasset" 996
"D:/UE_Proj/AtomDrop_Proto/Content/VRTemplate/Blueprints/VRGameMode.uexp" 997
"../../../Engine/Content/BasicShapes/BasicShapeMaterial.uasset" 998
"../../../Engine/Content/BasicShapes/BasicShapeMaterial.uexp" 999
"../../../Engine/Content/VREditor/BasicMeshes/MI_Ball_01.uasset" 1000
"../../../Engine/Content/VREditor/BasicMeshes/MI_Ball_01.uexp" 1001
"../../../Engine/Content/VREditor/BasicMeshes/SM_Ball_01.ubulk" 1002
"../../../Engine/Content/VREditor/BasicMeshes/SM_Ball_01.uasset" 1003
"../../../Engine/Content/VREditor/BasicMeshes/SM_Ball_01.uexp" 1004
"D:/UE_Proj/AtomDrop_Proto/Content/VRTemplate/Audio/Fire01.ubulk" 1005
"D:/UE_Proj/AtomDrop_Proto/Content/VRTemplate/Audio/Fire01.uasset" 1006
"D:/UE_Proj/AtomDrop_Proto/Content/VRTemplate/Audio/Fire01.uexp" 1007
"D:/UE_Proj/AtomDrop_Proto/Content/VRTemplate/Audio/Fire_Cue.uasset" 1008
"D:/UE_Proj/AtomDrop_Proto/Content/VRTemplate/Audio/Fire_Cue.uexp" 1009
"D:/UE_Proj/AtomDrop_Proto/Content/FPWeapon/Mesh/SK_FPGun_Skeleton.uasset" 1010
"D:/UE_Proj/AtomDrop_Proto/Content/FPWeapon/Mesh/SK_FPGun_Skeleton.uexp" 1011
"D:/UE_Proj/AtomDrop_Proto/Content/FPWeapon/Materials/MaterialLayers/T_ML_Rubber_Blue_01_D.ubulk" 1012
"D:/UE_Proj/AtomDrop_Proto/Content/FPWeapon/Materials/MaterialLayers/T_ML_Rubber_Blue_01_D.uasset" 1013
"D:/UE_Proj/AtomDrop_Proto/Content/FPWeapon/Materials/MaterialLayers/T_ML_Rubber_Blue_01_D.uexp" 1014
"D:/UE_Proj/AtomDrop_Proto/Content/FPWeapon/Textures/T_FPGun_N.ubulk" 1015
"D:/UE_Proj/AtomDrop_Proto/Content/FPWeapon/Textures/T_FPGun_N.uasset" 1016
"D:/UE_Proj/AtomDrop_Proto/Content/FPWeapon/Textures/T_FPGun_N.uexp" 1017
"../../../Engine/Content/Functions/Engine_MaterialFunctions02/Utility/BlendAngleCorrectedNormals.uasset" 1018
"../../../Engine/Content/Functions/Engine_MaterialFunctions02/Utility/BlendAngleCorrectedNormals.uexp" 1019
"../../../Engine/Content/Functions/MaterialLayerFunctions/MatLayerBlend_NormalBlend.uasset" 1020
"../../../Engine/Content/Functions/MaterialLayerFunctions/MatLayerBlend_NormalBlend.uexp" 1021
"D:/UE_Proj/AtomDrop_Proto/Content/FPWeapon/Materials/MaterialLayers/T_ML_Rubber_Blue_01_N.ubulk" 1022
"D:/UE_Proj/AtomDrop_Proto/Content/FPWeapon/Materials/MaterialLayers/T_ML_Rubber_Blue_01_N.uasset" 1023
"D:/UE_Proj/AtomDrop_Proto/Content/FPWeapon/Materials/MaterialLayers/T_ML_Rubber_Blue_01_N.uexp" 1024
"D:/UE_Proj/AtomDrop_Proto/Content/FPWeapon/Materials/MaterialLayers/ML_Screen.uasset" 1025
"D:/UE_Proj/AtomDrop_Proto/Content/FPWeapon/Materials/MaterialLayers/ML_Screen.uexp" 1026
"D:/UE_Proj/AtomDrop_Proto/Content/FPWeapon/Materials/MaterialLayers/T_ML_Aluminum01_N.ubulk" 1027
"D:/UE_Proj/AtomDrop_Proto/Content/FPWeapon/Materials/MaterialLayers/T_ML_Aluminum01_N.uasset" 1028
"D:/UE_Proj/AtomDrop_Proto/Content/FPWeapon/Materials/MaterialLayers/T_ML_Aluminum01_N.uexp" 1029
"D:/UE_Proj/AtomDrop_Proto/Content/FPWeapon/Materials/MaterialLayers/T_ML_Aluminum01.ubulk" 1030
"D:/UE_Proj/AtomDrop_Proto/Content/FPWeapon/Materials/MaterialLayers/T_ML_Aluminum01.uasset" 1031
"D:/UE_Proj/AtomDrop_Proto/Content/FPWeapon/Materials/MaterialLayers/T_ML_Aluminum01.uexp" 1032
"D:/UE_Proj/AtomDrop_Proto/Content/FPWeapon/Materials/MaterialLayers/ML_SoftMetal_UE4.uasset" 1033
"D:/UE_Proj/AtomDrop_Proto/Content/FPWeapon/Materials/MaterialLayers/ML_SoftMetal_UE4.uexp" 1034
"../../../Engine/Content/Functions/MaterialLayerFunctions/MatLayerBlend_Simple.uasset" 1035
"../../../Engine/Content/Functions/MaterialLayerFunctions/MatLayerBlend_Simple.uexp" 1036
"D:/UE_Proj/AtomDrop_Proto/Content/FPWeapon/Textures/T_FPGun_M.ubulk" 1037
"D:/UE_Proj/AtomDrop_Proto/Content/FPWeapon/Textures/T_FPGun_M.uasset" 1038
"D:/UE_Proj/AtomDrop_Proto/Content/FPWeapon/Textures/T_FPGun_M.uexp" 1039
"D:/UE_Proj/AtomDrop_Proto/Content/FPWeapon/Materials/MaterialLayers/ML_Plastic_Shiny_Beige.uasset" 1040
"D:/UE_Proj/AtomDrop_Proto/Content/FPWeapon/Materials/MaterialLayers/ML_Plastic_Shiny_Beige.uexp" 1041
"D:/UE_Proj/AtomDrop_Proto/Content/FPWeapon/Materials/MaterialLayers/ML_GlossyBlack_Latex_UE4.uasset" 1042
"D:/UE_Proj/AtomDrop_Proto/Content/FPWeapon/Materials/MaterialLayers/ML_GlossyBlack_Latex_UE4.uexp" 1043
"D:/UE_Proj/AtomDrop_Proto/Content/FPWeapon/Materials/M_FPGun.uasset" 1044
"D:/UE_Proj/AtomDrop_Proto/Content/FPWeapon/Materials/M_FPGun.uexp" 1045
"D:/UE_Proj/AtomDrop_Proto/Content/FPWeapon/Mesh/SK_FPGun_Physics.uasset" 1046
"D:/UE_Proj/AtomDrop_Proto/Content/FPWeapon/Mesh/SK_FPGun_Physics.uexp" 1047
"D:/UE_Proj/AtomDrop_Proto/Content/FPWeapon/Mesh/SK_FPGun.uasset" 1048
"D:/UE_Proj/AtomDrop_Proto/Content/FPWeapon/Mesh/SK_FPGun.uexp" 1049
"D:/UE_Proj/AtomDrop_Proto/Content/VRTemplate/Haptics/PistolFireHapticEffect.uasset" 1050
"D:/UE_Proj/AtomDrop_Proto/Content/VRTemplate/Haptics/PistolFireHapticEffect.uexp" 1051
"D:/UE_Proj/AtomDrop_Proto/Content/VRTemplate/Materials/M_Projectile.uasset" 1052
"D:/UE_Proj/AtomDrop_Proto/Content/VRTemplate/Materials/M_Projectile.uexp" 1053
"D:/UE_Proj/AtomDrop_Proto/Content/VRTemplate/Materials/MI_Projectile.uasset" 1054
"D:/UE_Proj/AtomDrop_Proto/Content/VRTemplate/Materials/MI_Projectile.uexp" 1055
"D:/UE_Proj/AtomDrop_Proto/Content/VRTemplate/Blueprints/Projectile.uasset" 1056
"D:/UE_Proj/AtomDrop_Proto/Content/VRTemplate/Blueprints/Projectile.uexp" 1057
"D:/UE_Proj/AtomDrop_Proto/Content/VRTemplate/Blueprints/Pistol.uasset" 1058
"D:/UE_Proj/AtomDrop_Proto/Content/VRTemplate/Blueprints/Pistol.uexp" 1059
"D:/UE_Proj/AtomDrop_Proto/Content/VRSpectator/RT_VRSpectator.uasset" 1060
"D:/UE_Proj/AtomDrop_Proto/Content/VRSpectator/RT_VRSpectator.uexp" 1061
"../../../Engine/Content/EditorResources/MatineeCam_D.uasset" 1062
"../../../Engine/Content/EditorResources/MatineeCam_D.uexp" 1063
"../../../Engine/Content/EditorMaterials/MatineeCam_mat.uasset" 1064
"../../../Engine/Content/EditorMaterials/MatineeCam_mat.uexp" 1065
"../../../Engine/Content/EditorMeshes/MatineeCam_SM.ubulk" 1066
"../../../Engine/Content/EditorMeshes/MatineeCam_SM.uasset" 1067
"../../../Engine/Content/EditorMeshes/MatineeCam_SM.uexp" 1068
"D:/UE_Proj/AtomDrop_Proto/Content/VRSpectator/EVRSpectatorMode.uasset" 1069
"D:/UE_Proj/AtomDrop_Proto/Content/VRSpectator/EVRSpectatorMode.uexp" 1070
"D:/UE_Proj/AtomDrop_Proto/Content/VRSpectator/VRSpectator.uasset" 1071
"D:/UE_Proj/AtomDrop_Proto/Content/VRSpectator/VRSpectator.uexp" 1072
"D:/UE_Proj/AtomDrop_Proto/Content/VRTemplate/Maps/VRTemplateMap_BuiltData.ubulk" 1073
"D:/UE_Proj/AtomDrop_Proto/Content/VRTemplate/Maps/VRTemplateMap_BuiltData.uasset" 1074
"D:/UE_Proj/AtomDrop_Proto/Content/VRTemplate/Maps/VRTemplateMap_BuiltData.uexp" 1075
"D:/UE_Proj/AtomDrop_Proto/Content/VRTemplate/Maps/VRTemplateMap.uexp" 1076
"D:/UE_Proj/AtomDrop_Proto/Content/VRTemplate/Maps/VRTemplateMap.umap" 1077
"../../../Engine/Content/Maps/Entry_BuiltData.uasset" 1078
"../../../Engine/Content/Maps/Entry_BuiltData.uexp" 1079
"../../../Engine/Content/Maps/Entry.uexp" 1080
"../../../Engine/Content/Maps/Entry.umap" 1081
